{"/home/travis/build/npmtest/node-npmtest-recompose/test.js":{"path":"/home/travis/build/npmtest/node-npmtest-recompose/test.js","s":{"1":2,"2":2,"3":2,"4":2,"5":2,"6":2,"7":2,"8":1,"9":2,"10":2,"11":1,"12":1,"13":1,"14":1,"15":2,"16":2,"17":2,"18":2,"19":1,"20":1,"21":2,"22":2,"23":2,"24":1,"25":1,"26":1,"27":1,"28":1,"29":1,"30":1,"31":1,"32":1,"33":1,"34":1,"35":1,"36":1,"37":1,"38":1,"39":2,"40":2,"41":1,"42":2,"43":2,"44":1,"45":2,"46":2,"47":1,"48":2,"49":2,"50":1,"51":1,"52":1,"53":1,"54":1},"b":{"1":[2,1,1,1],"2":[1,1,1,1],"3":[1,1],"4":[1,1],"5":[1,1],"6":[1,1],"7":[1,1],"8":[1,1],"9":[1,1],"10":[1,1,1],"11":[1,1],"12":[1,1],"13":[1,1],"14":[1,1],"15":[1,1],"16":[1,1],"17":[1,1]},"f":{"1":2,"2":2,"3":2,"4":2,"5":2,"6":1,"7":1,"8":1,"9":2,"10":2,"11":2,"12":2,"13":1},"fnMap":{"1":{"name":"(anonymous_1)","line":12,"loc":{"start":{"line":12,"column":1},"end":{"line":12,"column":13}}},"2":{"name":"(anonymous_2)","line":19,"loc":{"start":{"line":19,"column":5},"end":{"line":19,"column":17}}},"3":{"name":"(anonymous_3)","line":23,"loc":{"start":{"line":23,"column":24},"end":{"line":23,"column":36}}},"4":{"name":"(anonymous_4)","line":61,"loc":{"start":{"line":61,"column":5},"end":{"line":61,"column":17}}},"5":{"name":"(anonymous_5)","line":82,"loc":{"start":{"line":82,"column":5},"end":{"line":82,"column":17}}},"6":{"name":"(anonymous_6)","line":91,"loc":{"start":{"line":91,"column":77},"end":{"line":94,"column":10}}},"7":{"name":"(anonymous_7)","line":112,"loc":{"start":{"line":112,"column":83},"end":{"line":115,"column":10}},"skip":true},"8":{"name":"(anonymous_8)","line":123,"loc":{"start":{"line":123,"column":77},"end":{"line":126,"column":10}},"skip":true},"9":{"name":"(anonymous_9)","line":139,"loc":{"start":{"line":139,"column":12},"end":{"line":139,"column":40}},"skip":true},"10":{"name":"(anonymous_10)","line":147,"loc":{"start":{"line":147,"column":77},"end":{"line":150,"column":10}},"skip":true},"11":{"name":"(anonymous_11)","line":158,"loc":{"start":{"line":158,"column":83},"end":{"line":161,"column":10}},"skip":true},"12":{"name":"(anonymous_12)","line":169,"loc":{"start":{"line":169,"column":79},"end":{"line":172,"column":10}},"skip":true},"13":{"name":"(anonymous_13)","line":180,"loc":{"start":{"line":180,"column":75},"end":{"line":183,"column":10}},"skip":true}},"statementMap":{"1":{"start":{"line":12,"column":0},"end":{"line":195,"column":5}},"2":{"start":{"line":14,"column":4},"end":{"line":14,"column":14}},"3":{"start":{"line":19,"column":4},"end":{"line":56,"column":9}},"4":{"start":{"line":21,"column":8},"end":{"line":21,"column":19}},"5":{"start":{"line":23,"column":8},"end":{"line":35,"column":13}},"6":{"start":{"line":24,"column":12},"end":{"line":34,"column":13}},"7":{"start":{"line":25,"column":16},"end":{"line":28,"column":30}},"8":{"start":{"line":30,"column":16},"end":{"line":33,"column":27}},"9":{"start":{"line":37,"column":8},"end":{"line":39,"column":21}},"10":{"start":{"line":40,"column":8},"end":{"line":53,"column":9}},"11":{"start":{"line":43,"column":12},"end":{"line":46,"column":14}},"12":{"start":{"line":47,"column":12},"end":{"line":47,"column":18}},"13":{"start":{"line":50,"column":12},"end":{"line":51,"column":33}},"14":{"start":{"line":52,"column":12},"end":{"line":52,"column":18}},"15":{"start":{"line":55,"column":8},"end":{"line":55,"column":35}},"16":{"start":{"line":61,"column":4},"end":{"line":63,"column":9}},"17":{"start":{"line":62,"column":8},"end":{"line":62,"column":15}},"18":{"start":{"line":64,"column":4},"end":{"line":77,"column":5}},"19":{"start":{"line":70,"column":8},"end":{"line":70,"column":14}},"20":{"start":{"line":76,"column":8},"end":{"line":76,"column":14}},"21":{"start":{"line":82,"column":4},"end":{"line":84,"column":9}},"22":{"start":{"line":83,"column":8},"end":{"line":83,"column":15}},"23":{"start":{"line":85,"column":4},"end":{"line":194,"column":5}},"24":{"start":{"line":91,"column":8},"end":{"line":99,"column":10}},"25":{"start":{"line":98,"column":12},"end":{"line":98,"column":35}},"26":{"start":{"line":102,"column":8},"end":{"line":104,"column":63}},"27":{"start":{"line":105,"column":8},"end":{"line":105,"column":14}},"28":{"start":{"line":112,"column":8},"end":{"line":121,"column":10},"skip":true},"29":{"start":{"line":119,"column":12},"end":{"line":119,"column":55},"skip":true},"30":{"start":{"line":120,"column":12},"end":{"line":120,"column":48},"skip":true},"31":{"start":{"line":123,"column":8},"end":{"line":136,"column":10},"skip":true},"32":{"start":{"line":130,"column":12},"end":{"line":130,"column":76},"skip":true},"33":{"start":{"line":131,"column":12},"end":{"line":131,"column":73},"skip":true},"34":{"start":{"line":132,"column":12},"end":{"line":132,"column":74},"skip":true},"35":{"start":{"line":133,"column":12},"end":{"line":133,"column":79},"skip":true},"36":{"start":{"line":134,"column":12},"end":{"line":134,"column":25},"skip":true},"37":{"start":{"line":135,"column":12},"end":{"line":135,"column":45},"skip":true},"38":{"start":{"line":138,"column":8},"end":{"line":145,"column":14},"skip":true},"39":{"start":{"line":143,"column":16},"end":{"line":143,"column":29},"skip":true},"40":{"start":{"line":144,"column":16},"end":{"line":144,"column":55},"skip":true},"41":{"start":{"line":147,"column":8},"end":{"line":156,"column":10},"skip":true},"42":{"start":{"line":154,"column":12},"end":{"line":154,"column":25},"skip":true},"43":{"start":{"line":155,"column":12},"end":{"line":155,"column":45},"skip":true},"44":{"start":{"line":158,"column":8},"end":{"line":167,"column":10},"skip":true},"45":{"start":{"line":165,"column":12},"end":{"line":165,"column":25},"skip":true},"46":{"start":{"line":166,"column":12},"end":{"line":166,"column":48},"skip":true},"47":{"start":{"line":169,"column":8},"end":{"line":178,"column":10},"skip":true},"48":{"start":{"line":176,"column":12},"end":{"line":176,"column":25},"skip":true},"49":{"start":{"line":177,"column":12},"end":{"line":177,"column":46},"skip":true},"50":{"start":{"line":180,"column":8},"end":{"line":189,"column":10},"skip":true},"51":{"start":{"line":187,"column":12},"end":{"line":187,"column":94},"skip":true},"52":{"start":{"line":188,"column":12},"end":{"line":188,"column":48},"skip":true},"53":{"start":{"line":192,"column":8},"end":{"line":192,"column":35},"skip":true},"54":{"start":{"line":193,"column":8},"end":{"line":193,"column":14},"skip":true}},"branchMap":{"1":{"line":25,"type":"binary-expr","locations":[{"start":{"line":25,"column":23},"end":{"line":25,"column":62}},{"start":{"line":26,"column":20},"end":{"line":26,"column":70}},{"start":{"line":27,"column":20},"end":{"line":27,"column":71}},{"start":{"line":28,"column":20},"end":{"line":28,"column":29}}]},"2":{"line":30,"type":"binary-expr","locations":[{"start":{"line":30,"column":23},"end":{"line":30,"column":37}},{"start":{"line":31,"column":20},"end":{"line":31,"column":61}},{"start":{"line":32,"column":20},"end":{"line":32,"column":70}},{"start":{"line":33,"column":20},"end":{"line":33,"column":26}}]},"3":{"line":37,"type":"cond-expr","locations":[{"start":{"line":38,"column":14},"end":{"line":38,"column":20}},{"start":{"line":39,"column":14},"end":{"line":39,"column":20}}]},"4":{"line":40,"type":"switch","locations":[{"start":{"line":42,"column":8},"end":{"line":47,"column":18}},{"start":{"line":49,"column":8},"end":{"line":52,"column":18}}]},"5":{"line":44,"type":"binary-expr","locations":[{"start":{"line":44,"column":16},"end":{"line":44,"column":44}},{"start":{"line":44,"column":48},"end":{"line":44,"column":66}}]},"6":{"line":50,"type":"binary-expr","locations":[{"start":{"line":50,"column":21},"end":{"line":50,"column":49}},{"start":{"line":50,"column":53},"end":{"line":50,"column":72}}]},"7":{"line":64,"type":"switch","locations":[{"start":{"line":69,"column":4},"end":{"line":70,"column":14}},{"start":{"line":75,"column":4},"end":{"line":76,"column":14}}]},"8":{"line":85,"type":"switch","locations":[{"start":{"line":90,"column":4},"end":{"line":105,"column":14}},{"start":{"line":111,"column":4},"end":{"line":193,"column":14},"skip":true}]},"9":{"line":91,"type":"binary-expr","locations":[{"start":{"line":91,"column":42},"end":{"line":91,"column":73}},{"start":{"line":91,"column":77},"end":{"line":99,"column":9}}]},"10":{"line":102,"type":"binary-expr","locations":[{"start":{"line":102,"column":18},"end":{"line":102,"column":32}},{"start":{"line":103,"column":12},"end":{"line":103,"column":53}},{"start":{"line":104,"column":12},"end":{"line":104,"column":61}}]},"11":{"line":112,"type":"binary-expr","locations":[{"start":{"line":112,"column":45},"end":{"line":112,"column":79},"skip":true},{"start":{"line":112,"column":83},"end":{"line":121,"column":9},"skip":true}]},"12":{"line":123,"type":"binary-expr","locations":[{"start":{"line":123,"column":42},"end":{"line":123,"column":73},"skip":true},{"start":{"line":123,"column":77},"end":{"line":136,"column":9},"skip":true}]},"13":{"line":138,"type":"binary-expr","locations":[{"start":{"line":138,"column":48},"end":{"line":138,"column":85},"skip":true},{"start":{"line":139,"column":12},"end":{"line":145,"column":13},"skip":true}]},"14":{"line":147,"type":"binary-expr","locations":[{"start":{"line":147,"column":42},"end":{"line":147,"column":73},"skip":true},{"start":{"line":147,"column":77},"end":{"line":156,"column":9},"skip":true}]},"15":{"line":158,"type":"binary-expr","locations":[{"start":{"line":158,"column":45},"end":{"line":158,"column":79},"skip":true},{"start":{"line":158,"column":83},"end":{"line":167,"column":9},"skip":true}]},"16":{"line":169,"type":"binary-expr","locations":[{"start":{"line":169,"column":43},"end":{"line":169,"column":75},"skip":true},{"start":{"line":169,"column":79},"end":{"line":178,"column":9},"skip":true}]},"17":{"line":180,"type":"binary-expr","locations":[{"start":{"line":180,"column":41},"end":{"line":180,"column":71},"skip":true},{"start":{"line":180,"column":75},"end":{"line":189,"column":9},"skip":true}]}},"code":["/* istanbul instrument in package npmtest_recompose */","/*jslint","    bitwise: true,","    browser: true,","    maxerr: 8,","    maxlen: 96,","    node: true,","    nomen: true,","    regexp: true,","    stupid: true","*/","(function () {","    'use strict';","    var local;","","","","    // run shared js-env code - init-before","    (function () {","        // init local","        local = {};","        // init modeJs","        local.modeJs = (function () {","            try {","                return typeof navigator.userAgent === 'string' &&","                    typeof document.querySelector('body') === 'object' &&","                    typeof XMLHttpRequest.prototype.open === 'function' &&","                    'browser';","            } catch (errorCaughtBrowser) {","                return module.exports &&","                    typeof process.versions.node === 'string' &&","                    typeof require('http').createServer === 'function' &&","                    'node';","            }","        }());","        // init global","        local.global = local.modeJs === 'browser'","            ? window","            : global;","        switch (local.modeJs) {","        // re-init local from window.local","        case 'browser':","            local = local.global.utility2.objectSetDefault(","                local.global.utility2_rollup || local.global.local,","                local.global.utility2","            );","            break;","        // re-init local from example.js","        case 'node':","            local = (local.global.utility2_rollup || require('utility2'))","                .requireReadme();","            break;","        }","        // export local","        local.global.local = local;","    }());","","","","    // run shared js-env code - function","    (function () {","        return;","    }());","    switch (local.modeJs) {","","","","    // run browser js-env code - function","    case 'browser':","        break;","","","","    // run node js-env code - function","    case 'node':","        break;","    }","","","","    // run shared js-env code - init-after","    (function () {","        return;","    }());","    switch (local.modeJs) {","","","","    // run browser js-env code - init-after","    case 'browser':","        local.testCase_browser_nullCase = local.testCase_browser_nullCase || function (","            options,","            onError","        ) {","        /*","         * this function will test browsers's null-case handling-behavior-behavior","         */","            onError(null, options);","        };","","        // run tests","        local.nop(local.modeTest &&","            document.querySelector('#testRunButton1') &&","            document.querySelector('#testRunButton1').click());","        break;","","","","    // run node js-env code - init-after","    /* istanbul ignore next */","    case 'node':","        local.testCase_buildApidoc_default = local.testCase_buildApidoc_default || function (","            options,","            onError","        ) {","        /*","         * this function will test buildApidoc's default handling-behavior-behavior","         */","            options = { modulePathList: module.paths };","            local.buildApidoc(options, onError);","        };","","        local.testCase_buildApp_default = local.testCase_buildApp_default || function (","            options,","            onError","        ) {","        /*","         * this function will test buildApp's default handling-behavior-behavior","         */","            local.testCase_buildReadme_default(options, local.onErrorThrow);","            local.testCase_buildLib_default(options, local.onErrorThrow);","            local.testCase_buildTest_default(options, local.onErrorThrow);","            local.testCase_buildCustomOrg_default(options, local.onErrorThrow);","            options = [];","            local.buildApp(options, onError);","        };","","        local.testCase_buildCustomOrg_default = local.testCase_buildCustomOrg_default ||","            function (options, onError) {","            /*","             * this function will test buildCustomOrg's default handling-behavior","             */","                options = {};","                local.buildCustomOrg(options, onError);","            };","","        local.testCase_buildLib_default = local.testCase_buildLib_default || function (","            options,","            onError","        ) {","        /*","         * this function will test buildLib's default handling-behavior","         */","            options = {};","            local.buildLib(options, onError);","        };","","        local.testCase_buildReadme_default = local.testCase_buildReadme_default || function (","            options,","            onError","        ) {","        /*","         * this function will test buildReadme's default handling-behavior-behavior","         */","            options = {};","            local.buildReadme(options, onError);","        };","","        local.testCase_buildTest_default = local.testCase_buildTest_default || function (","            options,","            onError","        ) {","        /*","         * this function will test buildTest's default handling-behavior","         */","            options = {};","            local.buildTest(options, onError);","        };","","        local.testCase_webpage_default = local.testCase_webpage_default || function (","            options,","            onError","        ) {","        /*","         * this function will test webpage's default handling-behavior","         */","            options = { modeCoverageMerge: true, url: local.serverLocalHost + '?modeTest=1' };","            local.browserTest(options, onError);","        };","","        // run test-server","        local.testRunServer(local);","        break;","    }","}());",""],"l":{"12":2,"14":2,"19":2,"21":2,"23":2,"24":2,"25":2,"30":1,"37":2,"40":2,"43":1,"47":1,"50":1,"52":1,"55":2,"61":2,"62":2,"64":2,"70":1,"76":1,"82":2,"83":2,"85":2,"91":1,"98":1,"102":1,"105":1,"112":1,"119":1,"120":1,"123":1,"130":1,"131":1,"132":1,"133":1,"134":1,"135":1,"138":1,"143":2,"144":2,"147":1,"154":2,"155":2,"158":1,"165":2,"166":2,"169":1,"176":2,"177":2,"180":1,"187":1,"188":1,"192":1,"193":1}},"/home/travis/build/npmtest/node-npmtest-recompose/lib.npmtest_recompose.js":{"path":"/home/travis/build/npmtest/node-npmtest-recompose/lib.npmtest_recompose.js","s":{"1":2,"2":2,"3":2,"4":2,"5":2,"6":2,"7":2,"8":1,"9":2,"10":2,"11":2,"12":2,"13":1,"14":1,"15":1,"16":1},"b":{"1":[2,1,1,1],"2":[1,1,1,1],"3":[1,1],"4":[2,2],"5":[1,1]},"f":{"1":2,"2":2,"3":2},"fnMap":{"1":{"name":"(anonymous_1)","line":12,"loc":{"start":{"line":12,"column":1},"end":{"line":12,"column":13}}},"2":{"name":"(anonymous_2)","line":19,"loc":{"start":{"line":19,"column":5},"end":{"line":19,"column":17}}},"3":{"name":"(anonymous_3)","line":23,"loc":{"start":{"line":23,"column":24},"end":{"line":23,"column":36}}}},"statementMap":{"1":{"start":{"line":12,"column":0},"end":{"line":53,"column":5}},"2":{"start":{"line":14,"column":4},"end":{"line":14,"column":14}},"3":{"start":{"line":19,"column":4},"end":{"line":52,"column":9}},"4":{"start":{"line":21,"column":8},"end":{"line":21,"column":19}},"5":{"start":{"line":23,"column":8},"end":{"line":35,"column":13}},"6":{"start":{"line":24,"column":12},"end":{"line":34,"column":13}},"7":{"start":{"line":25,"column":16},"end":{"line":28,"column":30}},"8":{"start":{"line":30,"column":16},"end":{"line":33,"column":27}},"9":{"start":{"line":37,"column":8},"end":{"line":39,"column":21}},"10":{"start":{"line":41,"column":8},"end":{"line":41,"column":54}},"11":{"start":{"line":43,"column":8},"end":{"line":43,"column":54}},"12":{"start":{"line":45,"column":8},"end":{"line":51,"column":9}},"13":{"start":{"line":46,"column":12},"end":{"line":46,"column":60}},"14":{"start":{"line":48,"column":12},"end":{"line":48,"column":35}},"15":{"start":{"line":49,"column":12},"end":{"line":49,"column":49}},"16":{"start":{"line":50,"column":12},"end":{"line":50,"column":43}}},"branchMap":{"1":{"line":25,"type":"binary-expr","locations":[{"start":{"line":25,"column":23},"end":{"line":25,"column":62}},{"start":{"line":26,"column":20},"end":{"line":26,"column":70}},{"start":{"line":27,"column":20},"end":{"line":27,"column":71}},{"start":{"line":28,"column":20},"end":{"line":28,"column":29}}]},"2":{"line":30,"type":"binary-expr","locations":[{"start":{"line":30,"column":23},"end":{"line":30,"column":37}},{"start":{"line":31,"column":20},"end":{"line":31,"column":61}},{"start":{"line":32,"column":20},"end":{"line":32,"column":70}},{"start":{"line":33,"column":20},"end":{"line":33,"column":26}}]},"3":{"line":37,"type":"cond-expr","locations":[{"start":{"line":38,"column":14},"end":{"line":38,"column":20}},{"start":{"line":39,"column":14},"end":{"line":39,"column":20}}]},"4":{"line":41,"type":"binary-expr","locations":[{"start":{"line":41,"column":16},"end":{"line":41,"column":44}},{"start":{"line":41,"column":48},"end":{"line":41,"column":53}}]},"5":{"line":45,"type":"if","locations":[{"start":{"line":45,"column":8},"end":{"line":45,"column":8}},{"start":{"line":45,"column":8},"end":{"line":45,"column":8}}]}},"code":["/* istanbul instrument in package npmtest_recompose */","/*jslint","    bitwise: true,","    browser: true,","    maxerr: 8,","    maxlen: 96,","    node: true,","    nomen: true,","    regexp: true,","    stupid: true","*/","(function () {","    'use strict';","    var local;","","","","    // run shared js-env code - init-before","    (function () {","        // init local","        local = {};","        // init modeJs","        local.modeJs = (function () {","            try {","                return typeof navigator.userAgent === 'string' &&","                    typeof document.querySelector('body') === 'object' &&","                    typeof XMLHttpRequest.prototype.open === 'function' &&","                    'browser';","            } catch (errorCaughtBrowser) {","                return module.exports &&","                    typeof process.versions.node === 'string' &&","                    typeof require('http').createServer === 'function' &&","                    'node';","            }","        }());","        // init global","        local.global = local.modeJs === 'browser'","            ? window","            : global;","        // init utility2_rollup","        local = local.global.utility2_rollup || local;","        // init lib","        local.local = local.npmtest_recompose = local;","        // init exports","        if (local.modeJs === 'browser') {","            local.global.utility2_npmtest_recompose = local;","        } else {","            module.exports = local;","            module.exports.__dirname = __dirname;","            module.exports.module = module;","        }","    }());","}());",""],"l":{"12":2,"14":2,"19":2,"21":2,"23":2,"24":2,"25":2,"30":1,"37":2,"41":2,"43":2,"45":2,"46":1,"48":1,"49":1,"50":1}},"/home/travis/build/npmtest/node-npmtest-recompose/example.js":{"path":"/home/travis/build/npmtest/node-npmtest-recompose/example.js","s":{"1":2,"2":2,"3":2,"4":2,"5":2,"6":2,"7":2,"8":1,"9":2,"10":2,"11":2,"12":2,"13":1,"14":2,"15":2,"16":2,"17":2,"18":2,"19":0,"20":2,"21":1,"22":1,"23":1,"24":1,"25":1,"26":0,"27":0,"28":1,"29":1,"30":2,"31":0,"32":0,"33":0,"34":1,"35":2,"36":2,"37":3,"38":3,"39":3,"40":3,"41":0,"42":3,"43":3,"44":3,"45":1,"46":3,"47":1,"48":1,"49":1,"50":1,"51":1,"52":1,"53":1,"54":1,"55":1,"56":1,"57":0,"58":1,"59":6,"60":6,"61":1,"62":2,"63":0,"64":2,"65":1,"66":1,"67":0,"68":0,"69":0,"70":0,"71":0,"72":0,"73":0,"74":0,"75":0,"76":0,"77":0,"78":0,"79":0,"80":0,"81":0,"82":0,"83":0},"b":{"1":[2,1,1,1],"2":[1,1,1,1],"3":[1,1],"4":[2,2],"5":[1,1],"6":[1,1],"7":[2,0],"8":[2,1,1,1,1,1],"9":[0,2,0],"10":[1,1],"11":[2,1,1],"12":[1,0],"13":[0,2],"14":[2,0,0,0,0,0,0],"15":[0,3],"16":[3,0],"17":[1,1],"18":[0,1],"19":[1,2,0,2],"20":[1,0],"21":[1,1],"22":[0,0],"23":[0,0],"24":[0,0],"25":[0,0],"26":[0,0],"27":[0,0],"28":[0,0]},"f":{"1":2,"2":2,"3":2,"4":2,"5":2,"6":2,"7":3,"8":3,"9":3,"10":1,"11":6,"12":0},"fnMap":{"1":{"name":"(anonymous_1)","line":26,"loc":{"start":{"line":26,"column":1},"end":{"line":26,"column":13}}},"2":{"name":"(anonymous_2)","line":33,"loc":{"start":{"line":33,"column":5},"end":{"line":33,"column":17}}},"3":{"name":"(anonymous_3)","line":37,"loc":{"start":{"line":37,"column":24},"end":{"line":37,"column":36}}},"4":{"name":"(anonymous_4)","line":69,"loc":{"start":{"line":69,"column":31},"end":{"line":69,"column":48}},"skip":true},"5":{"name":"(anonymous_5)","line":78,"loc":{"start":{"line":78,"column":26},"end":{"line":78,"column":45}},"skip":true},"6":{"name":"(anonymous_6)","line":123,"loc":{"start":{"line":123,"column":33},"end":{"line":123,"column":48}},"skip":true},"7":{"name":"(anonymous_7)","line":125,"loc":{"start":{"line":125,"column":27},"end":{"line":125,"column":39}},"skip":true},"8":{"name":"(anonymous_8)","line":133,"loc":{"start":{"line":133,"column":59},"end":{"line":133,"column":74}},"skip":true},"9":{"name":"(anonymous_9)","line":143,"loc":{"start":{"line":143,"column":45},"end":{"line":143,"column":62}},"skip":true},"10":{"name":"(anonymous_10)","line":144,"loc":{"start":{"line":144,"column":73},"end":{"line":144,"column":92}},"skip":true},"11":{"name":"(anonymous_11)","line":272,"loc":{"start":{"line":272,"column":51},"end":{"line":272,"column":77}},"skip":true},"12":{"name":"(anonymous_12)","line":315,"loc":{"start":{"line":315,"column":32},"end":{"line":315,"column":61}},"skip":true}},"statementMap":{"1":{"start":{"line":26,"column":0},"end":{"line":326,"column":5}},"2":{"start":{"line":28,"column":4},"end":{"line":28,"column":14}},"3":{"start":{"line":33,"column":4},"end":{"line":60,"column":9}},"4":{"start":{"line":35,"column":8},"end":{"line":35,"column":19}},"5":{"start":{"line":37,"column":8},"end":{"line":49,"column":13}},"6":{"start":{"line":38,"column":12},"end":{"line":48,"column":13}},"7":{"start":{"line":39,"column":16},"end":{"line":42,"column":30}},"8":{"start":{"line":44,"column":16},"end":{"line":47,"column":27}},"9":{"start":{"line":51,"column":8},"end":{"line":53,"column":21}},"10":{"start":{"line":55,"column":8},"end":{"line":57,"column":45}},"11":{"start":{"line":59,"column":8},"end":{"line":59,"column":35}},"12":{"start":{"line":61,"column":4},"end":{"line":325,"column":5}},"13":{"start":{"line":69,"column":8},"end":{"line":121,"column":10},"skip":true},"14":{"start":{"line":70,"column":12},"end":{"line":88,"column":13},"skip":true},"15":{"start":{"line":76,"column":16},"end":{"line":87,"column":19},"skip":true},"16":{"start":{"line":79,"column":20},"end":{"line":86,"column":21},"skip":true},"17":{"start":{"line":82,"column":24},"end":{"line":82,"column":43},"skip":true},"18":{"start":{"line":83,"column":24},"end":{"line":83,"column":30},"skip":true},"19":{"start":{"line":85,"column":24},"end":{"line":85,"column":49},"skip":true},"20":{"start":{"line":89,"column":12},"end":{"line":107,"column":13},"skip":true},"21":{"start":{"line":92,"column":16},"end":{"line":102,"column":17},"skip":true},"22":{"start":{"line":93,"column":20},"end":{"line":93,"column":86},"skip":true},"23":{"start":{"line":94,"column":20},"end":{"line":95,"column":45},"skip":true},"24":{"start":{"line":96,"column":20},"end":{"line":96,"column":42},"skip":true},"25":{"start":{"line":97,"column":20},"end":{"line":97,"column":48},"skip":true},"26":{"start":{"line":100,"column":20},"end":{"line":100,"column":85},"skip":true},"27":{"start":{"line":101,"column":20},"end":{"line":101,"column":96},"skip":true},"28":{"start":{"line":103,"column":16},"end":{"line":103,"column":22},"skip":true},"29":{"start":{"line":106,"column":16},"end":{"line":106,"column":22},"skip":true},"30":{"start":{"line":108,"column":12},"end":{"line":120,"column":13},"skip":true},"31":{"start":{"line":114,"column":16},"end":{"line":119,"column":17},"skip":true},"32":{"start":{"line":116,"column":20},"end":{"line":116,"column":78},"skip":true},"33":{"start":{"line":118,"column":20},"end":{"line":118,"column":47},"skip":true},"34":{"start":{"line":123,"column":8},"end":{"line":141,"column":11},"skip":true},"35":{"start":{"line":124,"column":12},"end":{"line":124,"column":54},"skip":true},"36":{"start":{"line":125,"column":12},"end":{"line":140,"column":14},"skip":true},"37":{"start":{"line":126,"column":16},"end":{"line":126,"column":28},"skip":true},"38":{"start":{"line":127,"column":16},"end":{"line":127,"column":69},"skip":true},"39":{"start":{"line":128,"column":16},"end":{"line":128,"column":75},"skip":true},"40":{"start":{"line":129,"column":16},"end":{"line":131,"column":17},"skip":true},"41":{"start":{"line":130,"column":20},"end":{"line":130,"column":27},"skip":true},"42":{"start":{"line":133,"column":16},"end":{"line":137,"column":36},"skip":true},"43":{"start":{"line":134,"column":20},"end":{"line":136,"column":55},"skip":true},"44":{"start":{"line":139,"column":16},"end":{"line":139,"column":57},"skip":true},"45":{"start":{"line":143,"column":8},"end":{"line":147,"column":11},"skip":true},"46":{"start":{"line":144,"column":12},"end":{"line":146,"column":15},"skip":true},"47":{"start":{"line":145,"column":16},"end":{"line":145,"column":70},"skip":true},"48":{"start":{"line":149,"column":8},"end":{"line":149,"column":31},"skip":true},"49":{"start":{"line":150,"column":8},"end":{"line":150,"column":14},"skip":true},"50":{"start":{"line":158,"column":8},"end":{"line":158,"column":31},"skip":true},"51":{"start":{"line":160,"column":8},"end":{"line":160,"column":33},"skip":true},"52":{"start":{"line":161,"column":8},"end":{"line":161,"column":37},"skip":true},"53":{"start":{"line":162,"column":8},"end":{"line":162,"column":35},"skip":true},"54":{"start":{"line":164,"column":8},"end":{"line":164,"column":50},"skip":true},"55":{"start":{"line":166,"column":8},"end":{"line":256,"column":2},"skip":true},"56":{"start":{"line":258,"column":8},"end":{"line":286,"column":9},"skip":true},"57":{"start":{"line":259,"column":12},"end":{"line":269,"column":14},"skip":true},"58":{"start":{"line":271,"column":12},"end":{"line":285,"column":19},"skip":true},"59":{"start":{"line":274,"column":20},"end":{"line":274,"column":35},"skip":true},"60":{"start":{"line":275,"column":20},"end":{"line":284,"column":21},"skip":true},"61":{"start":{"line":277,"column":24},"end":{"line":277,"column":64},"skip":true},"62":{"start":{"line":279,"column":24},"end":{"line":279,"column":40},"skip":true},"63":{"start":{"line":281,"column":24},"end":{"line":281,"column":40},"skip":true},"64":{"start":{"line":283,"column":24},"end":{"line":283,"column":39},"skip":true},"65":{"start":{"line":288,"column":8},"end":{"line":290,"column":9},"skip":true},"66":{"start":{"line":289,"column":12},"end":{"line":289,"column":18},"skip":true},"67":{"start":{"line":291,"column":8},"end":{"line":293,"column":54},"skip":true},"68":{"start":{"line":296,"column":8},"end":{"line":301,"column":37},"skip":true},"69":{"start":{"line":303,"column":8},"end":{"line":303,"column":82},"skip":true},"70":{"start":{"line":306,"column":8},"end":{"line":308,"column":9},"skip":true},"71":{"start":{"line":307,"column":12},"end":{"line":307,"column":82},"skip":true},"72":{"start":{"line":310,"column":8},"end":{"line":312,"column":9},"skip":true},"73":{"start":{"line":311,"column":12},"end":{"line":311,"column":18},"skip":true},"74":{"start":{"line":313,"column":8},"end":{"line":313,"column":54},"skip":true},"75":{"start":{"line":314,"column":8},"end":{"line":314,"column":69},"skip":true},"76":{"start":{"line":315,"column":8},"end":{"line":323,"column":36},"skip":true},"77":{"start":{"line":316,"column":12},"end":{"line":316,"column":61},"skip":true},"78":{"start":{"line":317,"column":12},"end":{"line":320,"column":13},"skip":true},"79":{"start":{"line":318,"column":16},"end":{"line":318,"column":75},"skip":true},"80":{"start":{"line":319,"column":16},"end":{"line":319,"column":23},"skip":true},"81":{"start":{"line":321,"column":12},"end":{"line":321,"column":38},"skip":true},"82":{"start":{"line":322,"column":12},"end":{"line":322,"column":27},"skip":true},"83":{"start":{"line":324,"column":8},"end":{"line":324,"column":14},"skip":true}},"branchMap":{"1":{"line":39,"type":"binary-expr","locations":[{"start":{"line":39,"column":23},"end":{"line":39,"column":62}},{"start":{"line":40,"column":20},"end":{"line":40,"column":70}},{"start":{"line":41,"column":20},"end":{"line":41,"column":71}},{"start":{"line":42,"column":20},"end":{"line":42,"column":29}}]},"2":{"line":44,"type":"binary-expr","locations":[{"start":{"line":44,"column":23},"end":{"line":44,"column":37}},{"start":{"line":45,"column":20},"end":{"line":45,"column":61}},{"start":{"line":46,"column":20},"end":{"line":46,"column":70}},{"start":{"line":47,"column":20},"end":{"line":47,"column":26}}]},"3":{"line":51,"type":"cond-expr","locations":[{"start":{"line":52,"column":14},"end":{"line":52,"column":20}},{"start":{"line":53,"column":14},"end":{"line":53,"column":20}}]},"4":{"line":55,"type":"binary-expr","locations":[{"start":{"line":55,"column":16},"end":{"line":55,"column":44}},{"start":{"line":55,"column":49},"end":{"line":57,"column":43}}]},"5":{"line":55,"type":"cond-expr","locations":[{"start":{"line":56,"column":14},"end":{"line":56,"column":53}},{"start":{"line":57,"column":14},"end":{"line":57,"column":43}}]},"6":{"line":61,"type":"switch","locations":[{"start":{"line":68,"column":4},"end":{"line":150,"column":14},"skip":true},{"start":{"line":156,"column":4},"end":{"line":324,"column":14},"skip":true}]},"7":{"line":70,"type":"if","locations":[{"start":{"line":70,"column":12},"end":{"line":70,"column":12},"skip":true},{"start":{"line":70,"column":12},"end":{"line":70,"column":12},"skip":true}]},"8":{"line":70,"type":"binary-expr","locations":[{"start":{"line":70,"column":16},"end":{"line":70,"column":22},"skip":true},{"start":{"line":70,"column":27},"end":{"line":70,"column":32},"skip":true},{"start":{"line":71,"column":20},"end":{"line":71,"column":39},"skip":true},{"start":{"line":72,"column":20},"end":{"line":72,"column":49},"skip":true},{"start":{"line":73,"column":20},"end":{"line":73,"column":58},"skip":true},{"start":{"line":74,"column":20},"end":{"line":74,"column":69},"skip":true}]},"9":{"line":79,"type":"switch","locations":[{"start":{"line":80,"column":20},"end":{"line":80,"column":33},"skip":true},{"start":{"line":81,"column":20},"end":{"line":83,"column":30},"skip":true},{"start":{"line":84,"column":20},"end":{"line":85,"column":49},"skip":true}]},"10":{"line":89,"type":"switch","locations":[{"start":{"line":90,"column":12},"end":{"line":103,"column":22},"skip":true},{"start":{"line":105,"column":12},"end":{"line":106,"column":22},"skip":true}]},"11":{"line":89,"type":"binary-expr","locations":[{"start":{"line":89,"column":20},"end":{"line":89,"column":25},"skip":true},{"start":{"line":89,"column":29},"end":{"line":89,"column":48},"skip":true},{"start":{"line":89,"column":52},"end":{"line":89,"column":74},"skip":true}]},"12":{"line":92,"type":"if","locations":[{"start":{"line":92,"column":16},"end":{"line":92,"column":16},"skip":true},{"start":{"line":92,"column":16},"end":{"line":92,"column":16},"skip":true}]},"13":{"line":108,"type":"if","locations":[{"start":{"line":108,"column":12},"end":{"line":108,"column":12},"skip":true},{"start":{"line":108,"column":12},"end":{"line":108,"column":12},"skip":true}]},"14":{"line":108,"type":"binary-expr","locations":[{"start":{"line":108,"column":16},"end":{"line":108,"column":61},"skip":true},{"start":{"line":108,"column":66},"end":{"line":108,"column":72},"skip":true},{"start":{"line":108,"column":77},"end":{"line":108,"column":82},"skip":true},{"start":{"line":109,"column":20},"end":{"line":109,"column":39},"skip":true},{"start":{"line":110,"column":20},"end":{"line":110,"column":49},"skip":true},{"start":{"line":111,"column":20},"end":{"line":111,"column":58},"skip":true},{"start":{"line":112,"column":20},"end":{"line":112,"column":68},"skip":true}]},"15":{"line":129,"type":"if","locations":[{"start":{"line":129,"column":16},"end":{"line":129,"column":16},"skip":true},{"start":{"line":129,"column":16},"end":{"line":129,"column":16},"skip":true}]},"16":{"line":134,"type":"cond-expr","locations":[{"start":{"line":135,"column":26},"end":{"line":135,"column":29},"skip":true},{"start":{"line":136,"column":26},"end":{"line":136,"column":54},"skip":true}]},"17":{"line":164,"type":"binary-expr","locations":[{"start":{"line":164,"column":27},"end":{"line":164,"column":43},"skip":true},{"start":{"line":164,"column":47},"end":{"line":164,"column":49},"skip":true}]},"18":{"line":258,"type":"if","locations":[{"start":{"line":258,"column":8},"end":{"line":258,"column":8},"skip":true},{"start":{"line":258,"column":8},"end":{"line":258,"column":8},"skip":true}]},"19":{"line":275,"type":"switch","locations":[{"start":{"line":276,"column":20},"end":{"line":277,"column":64},"skip":true},{"start":{"line":278,"column":20},"end":{"line":279,"column":40},"skip":true},{"start":{"line":280,"column":20},"end":{"line":281,"column":40},"skip":true},{"start":{"line":282,"column":20},"end":{"line":283,"column":39},"skip":true}]},"20":{"line":288,"type":"if","locations":[{"start":{"line":288,"column":8},"end":{"line":288,"column":8},"skip":true},{"start":{"line":288,"column":8},"end":{"line":288,"column":8},"skip":true}]},"21":{"line":288,"type":"binary-expr","locations":[{"start":{"line":288,"column":12},"end":{"line":288,"column":40},"skip":true},{"start":{"line":288,"column":44},"end":{"line":288,"column":67},"skip":true}]},"22":{"line":292,"type":"binary-expr","locations":[{"start":{"line":292,"column":12},"end":{"line":292,"column":50},"skip":true},{"start":{"line":293,"column":12},"end":{"line":293,"column":53},"skip":true}]},"23":{"line":297,"type":"binary-expr","locations":[{"start":{"line":297,"column":12},"end":{"line":297,"column":67},"skip":true},{"start":{"line":298,"column":12},"end":{"line":301,"column":36},"skip":true}]},"24":{"line":303,"type":"binary-expr","locations":[{"start":{"line":303,"column":43},"end":{"line":303,"column":75},"skip":true},{"start":{"line":303,"column":79},"end":{"line":303,"column":81},"skip":true}]},"25":{"line":306,"type":"if","locations":[{"start":{"line":306,"column":8},"end":{"line":306,"column":8},"skip":true},{"start":{"line":306,"column":8},"end":{"line":306,"column":8},"skip":true}]},"26":{"line":310,"type":"if","locations":[{"start":{"line":310,"column":8},"end":{"line":310,"column":8},"skip":true},{"start":{"line":310,"column":8},"end":{"line":310,"column":8},"skip":true}]},"27":{"line":313,"type":"binary-expr","locations":[{"start":{"line":313,"column":27},"end":{"line":313,"column":43},"skip":true},{"start":{"line":313,"column":47},"end":{"line":313,"column":53},"skip":true}]},"28":{"line":317,"type":"if","locations":[{"start":{"line":317,"column":12},"end":{"line":317,"column":12},"skip":true},{"start":{"line":317,"column":12},"end":{"line":317,"column":12},"skip":true}]}},"code":["/*","example.js","","quickstart example","","instruction","    1. save this script as example.js","    2. run the shell command:","        $ npm install npmtest-recompose && PORT=8081 node example.js","    3. play with the browser-demo on http://127.0.0.1:8081","*/","","","","/* istanbul instrument in package npmtest_recompose */","/*jslint","    bitwise: true,","    browser: true,","    maxerr: 8,","    maxlen: 96,","    node: true,","    nomen: true,","    regexp: true,","    stupid: true","*/","(function () {","    'use strict';","    var local;","","","","    // run shared js-env code - init-before","    (function () {","        // init local","        local = {};","        // init modeJs","        local.modeJs = (function () {","            try {","                return typeof navigator.userAgent === 'string' &&","                    typeof document.querySelector('body') === 'object' &&","                    typeof XMLHttpRequest.prototype.open === 'function' &&","                    'browser';","            } catch (errorCaughtBrowser) {","                return module.exports &&","                    typeof process.versions.node === 'string' &&","                    typeof require('http').createServer === 'function' &&","                    'node';","            }","        }());","        // init global","        local.global = local.modeJs === 'browser'","            ? window","            : global;","        // init utility2_rollup","        local = local.global.utility2_rollup || (local.modeJs === 'browser'","            ? local.global.utility2_npmtest_recompose","            : global.utility2_moduleExports);","        // export local","        local.global.local = local;","    }());","    switch (local.modeJs) {","","","","    // init-after","    // run browser js-env code - init-after","    /* istanbul ignore next */","    case 'browser':","        local.testRunBrowser = function (event) {","            if (!event || (event &&","                    event.currentTarget &&","                    event.currentTarget.className &&","                    event.currentTarget.className.includes &&","                    event.currentTarget.className.includes('onreset'))) {","                // reset output","                Array.from(","                    document.querySelectorAll('body > .resettable')","                ).forEach(function (element) {","                    switch (element.tagName) {","                    case 'INPUT':","                    case 'TEXTAREA':","                        element.value = '';","                        break;","                    default:","                        element.textContent = '';","                    }","                });","            }","            switch (event && event.currentTarget && event.currentTarget.id) {","            case 'testRunButton1':","                // show tests","                if (document.querySelector('#testReportDiv1').style.display === 'none') {","                    document.querySelector('#testReportDiv1').style.display = 'block';","                    document.querySelector('#testRunButton1').textContent =","                        'hide internal test';","                    local.modeTest = true;","                    local.testRunDefault(local);","                // hide tests","                } else {","                    document.querySelector('#testReportDiv1').style.display = 'none';","                    document.querySelector('#testRunButton1').textContent = 'run internal test';","                }","                break;","            // custom-case","            default:","                break;","            }","            if (document.querySelector('#inputTextareaEval1') && (!event || (event &&","                    event.currentTarget &&","                    event.currentTarget.className &&","                    event.currentTarget.className.includes &&","                    event.currentTarget.className.includes('oneval')))) {","                // try to eval input-code","                try {","                    /*jslint evil: true*/","                    eval(document.querySelector('#inputTextareaEval1').value);","                } catch (errorCaught) {","                    console.error(errorCaught);","                }","            }","        };","        // log stderr and stdout to #outputTextareaStdout1","        ['error', 'log'].forEach(function (key) {","            console[key + '_original'] = console[key];","            console[key] = function () {","                var element;","                console[key + '_original'].apply(console, arguments);","                element = document.querySelector('#outputTextareaStdout1');","                if (!element) {","                    return;","                }","                // append text to #outputTextareaStdout1","                element.value += Array.from(arguments).map(function (arg) {","                    return typeof arg === 'string'","                        ? arg","                        : JSON.stringify(arg, null, 4);","                }).join(' ') + '\\n';","                // scroll textarea to bottom","                element.scrollTop = element.scrollHeight;","            };","        });","        // init event-handling","        ['change', 'click', 'keyup'].forEach(function (event) {","            Array.from(document.querySelectorAll('.on' + event)).forEach(function (element) {","                element.addEventListener(event, local.testRunBrowser);","            });","        });","        // run tests","        local.testRunBrowser();","        break;","","","","    // run node js-env code - init-after","    /* istanbul ignore next */","    case 'node':","        // export local","        module.exports = local;","        // require modules","        local.fs = require('fs');","        local.http = require('http');","        local.url = require('url');","        // init assets","        local.assetsDict = local.assetsDict || {};","        /* jslint-ignore-begin */","        local.assetsDict['/assets.index.template.html'] = '\\","<!doctype html>\\n\\","<html lang=\"en\">\\n\\","<head>\\n\\","<meta charset=\"UTF-8\">\\n\\","<meta name=\"viewport\" content=\"width=device-width, initial-scale=1\">\\n\\","<title>{{env.npm_package_name}} (v{{env.npm_package_version}})</title>\\n\\","<style>\\n\\","/*csslint\\n\\","    box-sizing: false,\\n\\","    universal-selector: false\\n\\","*/\\n\\","* {\\n\\","    box-sizing: border-box;\\n\\","}\\n\\","body {\\n\\","    background: #dde;\\n\\","    font-family: Arial, Helvetica, sans-serif;\\n\\","    margin: 2rem;\\n\\","}\\n\\","body > * {\\n\\","    margin-bottom: 1rem;\\n\\","}\\n\\",".utility2FooterDiv {\\n\\","    margin-top: 20px;\\n\\","    text-align: center;\\n\\","}\\n\\","</style>\\n\\","<style>\\n\\","/*csslint\\n\\","*/\\n\\","textarea {\\n\\","    font-family: monospace;\\n\\","    height: 10rem;\\n\\","    width: 100%;\\n\\","}\\n\\","textarea[readonly] {\\n\\","    background: #ddd;\\n\\","}\\n\\","</style>\\n\\","</head>\\n\\","<body>\\n\\","<!-- utility2-comment\\n\\","<div id=\"ajaxProgressDiv1\" style=\"background: #d00; height: 2px; left: 0; margin: 0; padding: 0; position: fixed; top: 0; transition: background 0.5s, width 1.5s; width: 25%;\"></div>\\n\\","utility2-comment -->\\n\\","<h1>\\n\\","<!-- utility2-comment\\n\\","    <a\\n\\","        {{#if env.npm_package_homepage}}\\n\\","        href=\"{{env.npm_package_homepage}}\"\\n\\","        {{/if env.npm_package_homepage}}\\n\\","        target=\"_blank\"\\n\\","    >\\n\\","utility2-comment -->\\n\\","        {{env.npm_package_name}} (v{{env.npm_package_version}})\\n\\","<!-- utility2-comment\\n\\","    </a>\\n\\","utility2-comment -->\\n\\","</h1>\\n\\","<h3>{{env.npm_package_description}}</h3>\\n\\","<!-- utility2-comment\\n\\","<h4><a download href=\"assets.app.js\">download standalone app</a></h4>\\n\\","<button class=\"onclick onreset\" id=\"testRunButton1\">run internal test</button><br>\\n\\","<div id=\"testReportDiv1\" style=\"display: none;\"></div>\\n\\","utility2-comment -->\\n\\","\\n\\","\\n\\","\\n\\","<label>stderr and stdout</label>\\n\\","<textarea class=\"resettable\" id=\"outputTextareaStdout1\" readonly></textarea>\\n\\","<!-- utility2-comment\\n\\","{{#if isRollup}}\\n\\","<script src=\"assets.app.js\"></script>\\n\\","{{#unless isRollup}}\\n\\","utility2-comment -->\\n\\","<script src=\"assets.utility2.rollup.js\"></script>\\n\\","<script src=\"jsonp.utility2._stateInit?callback=window.utility2._stateInit\"></script>\\n\\","<script src=\"assets.npmtest_recompose.rollup.js\"></script>\\n\\","<script src=\"assets.example.js\"></script>\\n\\","<script src=\"assets.test.js\"></script>\\n\\","<!-- utility2-comment\\n\\","{{/if isRollup}}\\n\\","utility2-comment -->\\n\\","<div class=\"utility2FooterDiv\">\\n\\","    [ this app was created with\\n\\","    <a href=\"https://github.com/kaizhu256/node-utility2\" target=\"_blank\">utility2</a>\\n\\","    ]\\n\\","</div>\\n\\","</body>\\n\\","</html>\\n\\","';","        /* jslint-ignore-end */","        if (local.templateRender) {","            local.assetsDict['/'] = local.templateRender(","                local.assetsDict['/assets.index.template.html'],","                {","                    env: local.objectSetDefault(local.env, {","                        npm_package_description: 'the greatest app in the world!',","                        npm_package_name: 'my-app',","                        npm_package_nameAlias: 'my_app',","                        npm_package_version: '0.0.1'","                    })","                }","            );","        } else {","            local.assetsDict['/'] = local.assetsDict['/assets.index.template.html']","                .replace((/\\{\\{env\\.(\\w+?)\\}\\}/g), function (match0, match1) {","                    // jslint-hack","                    String(match0);","                    switch (match1) {","                    case 'npm_package_description':","                        return 'the greatest app in the world!';","                    case 'npm_package_name':","                        return 'my-app';","                    case 'npm_package_nameAlias':","                        return 'my_app';","                    case 'npm_package_version':","                        return '0.0.1';","                    }","                });","        }","        // run the cli","        if (local.global.utility2_rollup || module !== require.main) {","            break;","        }","        local.assetsDict['/assets.example.js'] =","            local.assetsDict['/assets.example.js'] ||","            local.fs.readFileSync(__filename, 'utf8');","        // bug-workaround - long $npm_package_buildCustomOrg","        /* jslint-ignore-begin */","        local.assetsDict['/assets.npmtest_recompose.rollup.js'] =","            local.assetsDict['/assets.npmtest_recompose.rollup.js'] ||","            local.fs.readFileSync(","                local.npmtest_recompose.__dirname + '/lib.npmtest_recompose.js',","                'utf8'","            ).replace((/^#!/), '//');","        /* jslint-ignore-end */","        local.assetsDict['/favicon.ico'] = local.assetsDict['/favicon.ico'] || '';","        // if $npm_config_timeout_exit exists,","        // then exit this process after $npm_config_timeout_exit ms","        if (Number(process.env.npm_config_timeout_exit)) {","            setTimeout(process.exit, Number(process.env.npm_config_timeout_exit));","        }","        // start server","        if (local.global.utility2_serverHttp1) {","            break;","        }","        process.env.PORT = process.env.PORT || '8081';","        console.error('server starting on port ' + process.env.PORT);","        local.http.createServer(function (request, response) {","            request.urlParsed = local.url.parse(request.url);","            if (local.assetsDict[request.urlParsed.pathname] !== undefined) {","                response.end(local.assetsDict[request.urlParsed.pathname]);","                return;","            }","            response.statusCode = 404;","            response.end();","        }).listen(process.env.PORT);","        break;","    }","}());",""],"l":{"26":2,"28":2,"33":2,"35":2,"37":2,"38":2,"39":2,"44":1,"51":2,"55":2,"59":2,"61":2,"69":1,"70":2,"76":2,"79":2,"82":2,"83":2,"85":1,"89":2,"92":1,"93":1,"94":1,"96":1,"97":1,"100":1,"101":1,"103":1,"106":1,"108":2,"114":1,"116":1,"118":1,"123":1,"124":2,"125":2,"126":3,"127":3,"128":3,"129":3,"130":1,"133":3,"134":3,"139":3,"143":1,"144":3,"145":1,"149":1,"150":1,"158":1,"160":1,"161":1,"162":1,"164":1,"166":1,"258":1,"259":1,"271":1,"274":6,"275":6,"277":1,"279":2,"281":1,"283":2,"288":1,"289":1,"291":1,"296":1,"303":1,"306":1,"307":1,"310":1,"311":1,"313":1,"314":1,"315":1,"316":1,"317":1,"318":1,"319":1,"321":1,"322":1,"324":1}},"/home/travis/build/npmtest/node-npmtest-recompose/node_modules/recompose/index.js":{"path":"/home/travis/build/npmtest/node-npmtest-recompose/node_modules/recompose/index.js","s":{"1":1,"2":1,"3":1,"4":1,"5":1,"6":1,"7":1,"8":1,"9":1,"10":1,"11":1,"12":1,"13":1,"14":1,"15":1,"16":1,"17":1,"18":1,"19":1,"20":1,"21":1,"22":1,"23":1,"24":1,"25":1,"26":1,"27":1,"28":1,"29":1,"30":1,"31":1,"32":1,"33":1,"34":1,"35":1,"36":1,"37":1,"38":1,"39":1,"40":1,"41":1,"42":1,"43":1,"44":1,"45":1,"46":1,"47":1,"48":1,"49":1,"50":1,"51":1,"52":1,"53":1,"54":1,"55":1,"56":1,"57":1,"58":1,"59":1,"60":1,"61":1,"62":1,"63":1,"64":1,"65":1,"66":1,"67":1,"68":1,"69":1,"70":1,"71":1,"72":1,"73":1,"74":1,"75":1,"76":1,"77":1,"78":1,"79":1,"80":1,"81":1,"82":39,"83":1,"84":1,"85":1,"86":1,"87":1,"88":1,"89":1,"90":1,"91":1,"92":1,"93":1,"94":1,"95":1,"96":1,"97":1,"98":1,"99":1,"100":1,"101":1,"102":1,"103":1,"104":1,"105":1,"106":1,"107":1,"108":1,"109":1,"110":1,"111":1,"112":1,"113":1,"114":1,"115":1,"116":1,"117":1,"118":1,"119":1,"120":1,"121":1},"b":{"1":[39,0],"2":[39,39]},"f":{"1":39},"fnMap":{"1":{"name":"_interopRequireDefault","line":162,"loc":{"start":{"line":162,"column":0},"end":{"line":162,"column":37}}}},"statementMap":{"1":{"start":{"line":3,"column":0},"end":{"line":3,"column":26}},"2":{"start":{"line":4,"column":0},"end":{"line":4,"column":923}},"3":{"start":{"line":6,"column":0},"end":{"line":6,"column":39}},"4":{"start":{"line":8,"column":0},"end":{"line":8,"column":52}},"5":{"start":{"line":10,"column":0},"end":{"line":10,"column":41}},"6":{"start":{"line":12,"column":0},"end":{"line":12,"column":54}},"7":{"start":{"line":14,"column":0},"end":{"line":14,"column":57}},"8":{"start":{"line":16,"column":0},"end":{"line":16,"column":70}},"9":{"start":{"line":18,"column":0},"end":{"line":18,"column":47}},"10":{"start":{"line":20,"column":0},"end":{"line":20,"column":60}},"11":{"start":{"line":22,"column":0},"end":{"line":22,"column":47}},"12":{"start":{"line":24,"column":0},"end":{"line":24,"column":60}},"13":{"start":{"line":26,"column":0},"end":{"line":26,"column":43}},"14":{"start":{"line":28,"column":0},"end":{"line":28,"column":56}},"15":{"start":{"line":30,"column":0},"end":{"line":30,"column":45}},"16":{"start":{"line":32,"column":0},"end":{"line":32,"column":58}},"17":{"start":{"line":34,"column":0},"end":{"line":34,"column":45}},"18":{"start":{"line":36,"column":0},"end":{"line":36,"column":58}},"19":{"start":{"line":38,"column":0},"end":{"line":38,"column":41}},"20":{"start":{"line":40,"column":0},"end":{"line":40,"column":54}},"21":{"start":{"line":42,"column":0},"end":{"line":42,"column":45}},"22":{"start":{"line":44,"column":0},"end":{"line":44,"column":58}},"23":{"start":{"line":46,"column":0},"end":{"line":46,"column":35}},"24":{"start":{"line":48,"column":0},"end":{"line":48,"column":48}},"25":{"start":{"line":50,"column":0},"end":{"line":50,"column":53}},"26":{"start":{"line":52,"column":0},"end":{"line":52,"column":66}},"27":{"start":{"line":54,"column":0},"end":{"line":54,"column":49}},"28":{"start":{"line":56,"column":0},"end":{"line":56,"column":62}},"29":{"start":{"line":58,"column":0},"end":{"line":58,"column":47}},"30":{"start":{"line":60,"column":0},"end":{"line":60,"column":60}},"31":{"start":{"line":62,"column":0},"end":{"line":62,"column":31}},"32":{"start":{"line":64,"column":0},"end":{"line":64,"column":44}},"33":{"start":{"line":66,"column":0},"end":{"line":66,"column":57}},"34":{"start":{"line":68,"column":0},"end":{"line":68,"column":70}},"35":{"start":{"line":70,"column":0},"end":{"line":70,"column":67}},"36":{"start":{"line":72,"column":0},"end":{"line":72,"column":80}},"37":{"start":{"line":74,"column":0},"end":{"line":74,"column":45}},"38":{"start":{"line":76,"column":0},"end":{"line":76,"column":58}},"39":{"start":{"line":78,"column":0},"end":{"line":78,"column":43}},"40":{"start":{"line":80,"column":0},"end":{"line":80,"column":56}},"41":{"start":{"line":82,"column":0},"end":{"line":82,"column":41}},"42":{"start":{"line":84,"column":0},"end":{"line":84,"column":54}},"43":{"start":{"line":86,"column":0},"end":{"line":86,"column":37}},"44":{"start":{"line":88,"column":0},"end":{"line":88,"column":50}},"45":{"start":{"line":90,"column":0},"end":{"line":90,"column":41}},"46":{"start":{"line":92,"column":0},"end":{"line":92,"column":54}},"47":{"start":{"line":94,"column":0},"end":{"line":94,"column":47}},"48":{"start":{"line":96,"column":0},"end":{"line":96,"column":60}},"49":{"start":{"line":98,"column":0},"end":{"line":98,"column":51}},"50":{"start":{"line":100,"column":0},"end":{"line":100,"column":64}},"51":{"start":{"line":102,"column":0},"end":{"line":102,"column":37}},"52":{"start":{"line":104,"column":0},"end":{"line":104,"column":50}},"53":{"start":{"line":106,"column":0},"end":{"line":106,"column":51}},"54":{"start":{"line":108,"column":0},"end":{"line":108,"column":64}},"55":{"start":{"line":110,"column":0},"end":{"line":110,"column":53}},"56":{"start":{"line":112,"column":0},"end":{"line":112,"column":66}},"57":{"start":{"line":114,"column":0},"end":{"line":114,"column":47}},"58":{"start":{"line":116,"column":0},"end":{"line":116,"column":60}},"59":{"start":{"line":118,"column":0},"end":{"line":118,"column":55}},"60":{"start":{"line":120,"column":0},"end":{"line":120,"column":68}},"61":{"start":{"line":122,"column":0},"end":{"line":122,"column":59}},"62":{"start":{"line":124,"column":0},"end":{"line":124,"column":72}},"63":{"start":{"line":126,"column":0},"end":{"line":126,"column":59}},"64":{"start":{"line":128,"column":0},"end":{"line":128,"column":72}},"65":{"start":{"line":130,"column":0},"end":{"line":130,"column":43}},"66":{"start":{"line":132,"column":0},"end":{"line":132,"column":56}},"67":{"start":{"line":134,"column":0},"end":{"line":134,"column":57}},"68":{"start":{"line":136,"column":0},"end":{"line":136,"column":70}},"69":{"start":{"line":138,"column":0},"end":{"line":138,"column":31}},"70":{"start":{"line":140,"column":0},"end":{"line":140,"column":44}},"71":{"start":{"line":142,"column":0},"end":{"line":142,"column":47}},"72":{"start":{"line":144,"column":0},"end":{"line":144,"column":60}},"73":{"start":{"line":146,"column":0},"end":{"line":146,"column":61}},"74":{"start":{"line":148,"column":0},"end":{"line":148,"column":74}},"75":{"start":{"line":150,"column":0},"end":{"line":150,"column":51}},"76":{"start":{"line":152,"column":0},"end":{"line":152,"column":64}},"77":{"start":{"line":154,"column":0},"end":{"line":154,"column":59}},"78":{"start":{"line":156,"column":0},"end":{"line":156,"column":72}},"79":{"start":{"line":158,"column":0},"end":{"line":158,"column":61}},"80":{"start":{"line":160,"column":0},"end":{"line":160,"column":74}},"81":{"start":{"line":162,"column":0},"end":{"line":162,"column":95}},"82":{"start":{"line":162,"column":39},"end":{"line":162,"column":93}},"83":{"start":{"line":164,"column":0},"end":{"line":164,"column":38}},"84":{"start":{"line":166,"column":0},"end":{"line":166,"column":40}},"85":{"start":{"line":167,"column":0},"end":{"line":167,"column":56}},"86":{"start":{"line":168,"column":0},"end":{"line":168,"column":46}},"87":{"start":{"line":169,"column":0},"end":{"line":169,"column":46}},"88":{"start":{"line":170,"column":0},"end":{"line":170,"column":42}},"89":{"start":{"line":171,"column":0},"end":{"line":171,"column":44}},"90":{"start":{"line":172,"column":0},"end":{"line":172,"column":44}},"91":{"start":{"line":173,"column":0},"end":{"line":173,"column":40}},"92":{"start":{"line":174,"column":0},"end":{"line":174,"column":44}},"93":{"start":{"line":175,"column":0},"end":{"line":175,"column":34}},"94":{"start":{"line":176,"column":0},"end":{"line":176,"column":52}},"95":{"start":{"line":177,"column":0},"end":{"line":177,"column":48}},"96":{"start":{"line":178,"column":0},"end":{"line":178,"column":46}},"97":{"start":{"line":179,"column":0},"end":{"line":179,"column":30}},"98":{"start":{"line":180,"column":0},"end":{"line":180,"column":56}},"99":{"start":{"line":181,"column":0},"end":{"line":181,"column":66}},"100":{"start":{"line":182,"column":0},"end":{"line":182,"column":44}},"101":{"start":{"line":183,"column":0},"end":{"line":183,"column":42}},"102":{"start":{"line":184,"column":0},"end":{"line":184,"column":40}},"103":{"start":{"line":185,"column":0},"end":{"line":185,"column":36}},"104":{"start":{"line":189,"column":0},"end":{"line":189,"column":40}},"105":{"start":{"line":190,"column":0},"end":{"line":190,"column":46}},"106":{"start":{"line":191,"column":0},"end":{"line":191,"column":50}},"107":{"start":{"line":195,"column":0},"end":{"line":195,"column":36}},"108":{"start":{"line":199,"column":0},"end":{"line":199,"column":50}},"109":{"start":{"line":200,"column":0},"end":{"line":200,"column":52}},"110":{"start":{"line":201,"column":0},"end":{"line":201,"column":46}},"111":{"start":{"line":202,"column":0},"end":{"line":202,"column":54}},"112":{"start":{"line":203,"column":0},"end":{"line":203,"column":58}},"113":{"start":{"line":204,"column":0},"end":{"line":204,"column":58}},"114":{"start":{"line":205,"column":0},"end":{"line":205,"column":42}},"115":{"start":{"line":206,"column":0},"end":{"line":206,"column":56}},"116":{"start":{"line":207,"column":0},"end":{"line":207,"column":30}},"117":{"start":{"line":208,"column":0},"end":{"line":208,"column":46}},"118":{"start":{"line":212,"column":0},"end":{"line":212,"column":60}},"119":{"start":{"line":213,"column":0},"end":{"line":213,"column":50}},"120":{"start":{"line":214,"column":0},"end":{"line":214,"column":58}},"121":{"start":{"line":215,"column":0},"end":{"line":215,"column":60}}},"branchMap":{"1":{"line":162,"type":"cond-expr","locations":[{"start":{"line":162,"column":70},"end":{"line":162,"column":73}},{"start":{"line":162,"column":76},"end":{"line":162,"column":92}}]},"2":{"line":162,"type":"binary-expr","locations":[{"start":{"line":162,"column":46},"end":{"line":162,"column":49}},{"start":{"line":162,"column":53},"end":{"line":162,"column":67}}]}},"code":["'use strict';","","exports.__esModule = true;","exports.setObservableConfig = exports.createEventHandler = exports.mapPropsStream = exports.componentFromStream = exports.hoistStatics = exports.nest = exports.componentFromProp = exports.createSink = exports.createEagerFactory = exports.createEagerElement = exports.isClassComponent = exports.shallowEqual = exports.wrapDisplayName = exports.getDisplayName = exports.compose = exports.setDisplayName = exports.setPropTypes = exports.setStatic = exports.toClass = exports.lifecycle = exports.getContext = exports.withContext = exports.onlyUpdateForPropTypes = exports.onlyUpdateForKeys = exports.pure = exports.shouldUpdate = exports.renderNothing = exports.renderComponent = exports.branch = exports.withReducer = exports.withState = exports.flattenProp = exports.renameProps = exports.renameProp = exports.defaultProps = exports.withHandlers = exports.withPropsOnChange = exports.withProps = exports.mapProps = undefined;","","var _mapProps2 = require('./mapProps');","","var _mapProps3 = _interopRequireDefault(_mapProps2);","","var _withProps2 = require('./withProps');","","var _withProps3 = _interopRequireDefault(_withProps2);","","var _withPropsOnChange2 = require('./withPropsOnChange');","","var _withPropsOnChange3 = _interopRequireDefault(_withPropsOnChange2);","","var _withHandlers2 = require('./withHandlers');","","var _withHandlers3 = _interopRequireDefault(_withHandlers2);","","var _defaultProps2 = require('./defaultProps');","","var _defaultProps3 = _interopRequireDefault(_defaultProps2);","","var _renameProp2 = require('./renameProp');","","var _renameProp3 = _interopRequireDefault(_renameProp2);","","var _renameProps2 = require('./renameProps');","","var _renameProps3 = _interopRequireDefault(_renameProps2);","","var _flattenProp2 = require('./flattenProp');","","var _flattenProp3 = _interopRequireDefault(_flattenProp2);","","var _withState2 = require('./withState');","","var _withState3 = _interopRequireDefault(_withState2);","","var _withReducer2 = require('./withReducer');","","var _withReducer3 = _interopRequireDefault(_withReducer2);","","var _branch2 = require('./branch');","","var _branch3 = _interopRequireDefault(_branch2);","","var _renderComponent2 = require('./renderComponent');","","var _renderComponent3 = _interopRequireDefault(_renderComponent2);","","var _renderNothing2 = require('./renderNothing');","","var _renderNothing3 = _interopRequireDefault(_renderNothing2);","","var _shouldUpdate2 = require('./shouldUpdate');","","var _shouldUpdate3 = _interopRequireDefault(_shouldUpdate2);","","var _pure2 = require('./pure');","","var _pure3 = _interopRequireDefault(_pure2);","","var _onlyUpdateForKeys2 = require('./onlyUpdateForKeys');","","var _onlyUpdateForKeys3 = _interopRequireDefault(_onlyUpdateForKeys2);","","var _onlyUpdateForPropTypes2 = require('./onlyUpdateForPropTypes');","","var _onlyUpdateForPropTypes3 = _interopRequireDefault(_onlyUpdateForPropTypes2);","","var _withContext2 = require('./withContext');","","var _withContext3 = _interopRequireDefault(_withContext2);","","var _getContext2 = require('./getContext');","","var _getContext3 = _interopRequireDefault(_getContext2);","","var _lifecycle2 = require('./lifecycle');","","var _lifecycle3 = _interopRequireDefault(_lifecycle2);","","var _toClass2 = require('./toClass');","","var _toClass3 = _interopRequireDefault(_toClass2);","","var _setStatic2 = require('./setStatic');","","var _setStatic3 = _interopRequireDefault(_setStatic2);","","var _setPropTypes2 = require('./setPropTypes');","","var _setPropTypes3 = _interopRequireDefault(_setPropTypes2);","","var _setDisplayName2 = require('./setDisplayName');","","var _setDisplayName3 = _interopRequireDefault(_setDisplayName2);","","var _compose2 = require('./compose');","","var _compose3 = _interopRequireDefault(_compose2);","","var _getDisplayName2 = require('./getDisplayName');","","var _getDisplayName3 = _interopRequireDefault(_getDisplayName2);","","var _wrapDisplayName2 = require('./wrapDisplayName');","","var _wrapDisplayName3 = _interopRequireDefault(_wrapDisplayName2);","","var _shallowEqual2 = require('./shallowEqual');","","var _shallowEqual3 = _interopRequireDefault(_shallowEqual2);","","var _isClassComponent2 = require('./isClassComponent');","","var _isClassComponent3 = _interopRequireDefault(_isClassComponent2);","","var _createEagerElement2 = require('./createEagerElement');","","var _createEagerElement3 = _interopRequireDefault(_createEagerElement2);","","var _createEagerFactory2 = require('./createEagerFactory');","","var _createEagerFactory3 = _interopRequireDefault(_createEagerFactory2);","","var _createSink2 = require('./createSink');","","var _createSink3 = _interopRequireDefault(_createSink2);","","var _componentFromProp2 = require('./componentFromProp');","","var _componentFromProp3 = _interopRequireDefault(_componentFromProp2);","","var _nest2 = require('./nest');","","var _nest3 = _interopRequireDefault(_nest2);","","var _hoistStatics2 = require('./hoistStatics');","","var _hoistStatics3 = _interopRequireDefault(_hoistStatics2);","","var _componentFromStream2 = require('./componentFromStream');","","var _componentFromStream3 = _interopRequireDefault(_componentFromStream2);","","var _mapPropsStream2 = require('./mapPropsStream');","","var _mapPropsStream3 = _interopRequireDefault(_mapPropsStream2);","","var _createEventHandler2 = require('./createEventHandler');","","var _createEventHandler3 = _interopRequireDefault(_createEventHandler2);","","var _setObservableConfig2 = require('./setObservableConfig');","","var _setObservableConfig3 = _interopRequireDefault(_setObservableConfig2);","","function _interopRequireDefault(obj) { return obj && obj.__esModule ? obj : { default: obj }; }","","exports.mapProps = _mapProps3.default; // Higher-order component helpers","","exports.withProps = _withProps3.default;","exports.withPropsOnChange = _withPropsOnChange3.default;","exports.withHandlers = _withHandlers3.default;","exports.defaultProps = _defaultProps3.default;","exports.renameProp = _renameProp3.default;","exports.renameProps = _renameProps3.default;","exports.flattenProp = _flattenProp3.default;","exports.withState = _withState3.default;","exports.withReducer = _withReducer3.default;","exports.branch = _branch3.default;","exports.renderComponent = _renderComponent3.default;","exports.renderNothing = _renderNothing3.default;","exports.shouldUpdate = _shouldUpdate3.default;","exports.pure = _pure3.default;","exports.onlyUpdateForKeys = _onlyUpdateForKeys3.default;","exports.onlyUpdateForPropTypes = _onlyUpdateForPropTypes3.default;","exports.withContext = _withContext3.default;","exports.getContext = _getContext3.default;","exports.lifecycle = _lifecycle3.default;","exports.toClass = _toClass3.default;","","// Static property helpers","","exports.setStatic = _setStatic3.default;","exports.setPropTypes = _setPropTypes3.default;","exports.setDisplayName = _setDisplayName3.default;","","// Composition function","","exports.compose = _compose3.default;","","// Other utils","","exports.getDisplayName = _getDisplayName3.default;","exports.wrapDisplayName = _wrapDisplayName3.default;","exports.shallowEqual = _shallowEqual3.default;","exports.isClassComponent = _isClassComponent3.default;","exports.createEagerElement = _createEagerElement3.default;","exports.createEagerFactory = _createEagerFactory3.default;","exports.createSink = _createSink3.default;","exports.componentFromProp = _componentFromProp3.default;","exports.nest = _nest3.default;","exports.hoistStatics = _hoistStatics3.default;","","// Observable helpers","","exports.componentFromStream = _componentFromStream3.default;","exports.mapPropsStream = _mapPropsStream3.default;","exports.createEventHandler = _createEventHandler3.default;","exports.setObservableConfig = _setObservableConfig3.default;"],"l":{"3":1,"4":1,"6":1,"8":1,"10":1,"12":1,"14":1,"16":1,"18":1,"20":1,"22":1,"24":1,"26":1,"28":1,"30":1,"32":1,"34":1,"36":1,"38":1,"40":1,"42":1,"44":1,"46":1,"48":1,"50":1,"52":1,"54":1,"56":1,"58":1,"60":1,"62":1,"64":1,"66":1,"68":1,"70":1,"72":1,"74":1,"76":1,"78":1,"80":1,"82":1,"84":1,"86":1,"88":1,"90":1,"92":1,"94":1,"96":1,"98":1,"100":1,"102":1,"104":1,"106":1,"108":1,"110":1,"112":1,"114":1,"116":1,"118":1,"120":1,"122":1,"124":1,"126":1,"128":1,"130":1,"132":1,"134":1,"136":1,"138":1,"140":1,"142":1,"144":1,"146":1,"148":1,"150":1,"152":1,"154":1,"156":1,"158":1,"160":1,"162":39,"164":1,"166":1,"167":1,"168":1,"169":1,"170":1,"171":1,"172":1,"173":1,"174":1,"175":1,"176":1,"177":1,"178":1,"179":1,"180":1,"181":1,"182":1,"183":1,"184":1,"185":1,"189":1,"190":1,"191":1,"195":1,"199":1,"200":1,"201":1,"202":1,"203":1,"204":1,"205":1,"206":1,"207":1,"208":1,"212":1,"213":1,"214":1,"215":1}},"/home/travis/build/npmtest/node-npmtest-recompose/node_modules/recompose/mapProps.js":{"path":"/home/travis/build/npmtest/node-npmtest-recompose/node_modules/recompose/mapProps.js","s":{"1":1,"2":1,"3":1,"4":1,"5":1,"6":1,"7":2,"8":1,"9":0,"10":0,"11":0,"12":0,"13":1},"b":{"1":[2,0],"2":[2,2]},"f":{"1":2,"2":0,"3":0,"4":0},"fnMap":{"1":{"name":"_interopRequireDefault","line":13,"loc":{"start":{"line":13,"column":0},"end":{"line":13,"column":37}}},"2":{"name":"mapProps","line":15,"loc":{"start":{"line":15,"column":15},"end":{"line":15,"column":46}}},"3":{"name":"(anonymous_3)","line":16,"loc":{"start":{"line":16,"column":9},"end":{"line":16,"column":34}}},"4":{"name":"(anonymous_4)","line":18,"loc":{"start":{"line":18,"column":11},"end":{"line":18,"column":28}}}},"statementMap":{"1":{"start":{"line":3,"column":0},"end":{"line":3,"column":26}},"2":{"start":{"line":5,"column":0},"end":{"line":5,"column":46}},"3":{"start":{"line":7,"column":0},"end":{"line":7,"column":59}},"4":{"start":{"line":9,"column":0},"end":{"line":9,"column":58}},"5":{"start":{"line":11,"column":0},"end":{"line":11,"column":71}},"6":{"start":{"line":13,"column":0},"end":{"line":13,"column":95}},"7":{"start":{"line":13,"column":39},"end":{"line":13,"column":93}},"8":{"start":{"line":15,"column":0},"end":{"line":22,"column":2}},"9":{"start":{"line":16,"column":2},"end":{"line":21,"column":4}},"10":{"start":{"line":17,"column":4},"end":{"line":17,"column":67}},"11":{"start":{"line":18,"column":4},"end":{"line":20,"column":6}},"12":{"start":{"line":19,"column":6},"end":{"line":19,"column":41}},"13":{"start":{"line":24,"column":0},"end":{"line":24,"column":68}}},"branchMap":{"1":{"line":13,"type":"cond-expr","locations":[{"start":{"line":13,"column":70},"end":{"line":13,"column":73}},{"start":{"line":13,"column":76},"end":{"line":13,"column":92}}]},"2":{"line":13,"type":"binary-expr","locations":[{"start":{"line":13,"column":46},"end":{"line":13,"column":49}},{"start":{"line":13,"column":53},"end":{"line":13,"column":67}}]}},"code":["'use strict';","","exports.__esModule = true;","","var _createHelper = require('./createHelper');","","var _createHelper2 = _interopRequireDefault(_createHelper);","","var _createEagerFactory = require('./createEagerFactory');","","var _createEagerFactory2 = _interopRequireDefault(_createEagerFactory);","","function _interopRequireDefault(obj) { return obj && obj.__esModule ? obj : { default: obj }; }","","var mapProps = function mapProps(propsMapper) {","  return function (BaseComponent) {","    var factory = (0, _createEagerFactory2.default)(BaseComponent);","    return function (props) {","      return factory(propsMapper(props));","    };","  };","};","","exports.default = (0, _createHelper2.default)(mapProps, 'mapProps');"],"l":{"3":1,"5":1,"7":1,"9":1,"11":1,"13":2,"15":1,"16":0,"17":0,"18":0,"19":0,"24":1}},"/home/travis/build/npmtest/node-npmtest-recompose/node_modules/recompose/createHelper.js":{"path":"/home/travis/build/npmtest/node-npmtest-recompose/node_modules/recompose/createHelper.js","s":{"1":1,"2":1,"3":1,"4":1,"5":1,"6":1,"7":24,"8":24,"9":24,"10":19,"11":2,"12":0,"13":0,"14":0,"15":17,"16":1,"17":1,"18":1,"19":0,"20":0,"21":0,"22":5,"23":1},"b":{"1":[1,0],"2":[1,1],"3":[7,17],"4":[24,7],"5":[3,21],"6":[24,3],"7":[19,5],"8":[24,24],"9":[2,17]},"f":{"1":1,"2":24,"3":0,"4":1,"5":0},"fnMap":{"1":{"name":"_interopRequireDefault","line":9,"loc":{"start":{"line":9,"column":0},"end":{"line":9,"column":37}}},"2":{"name":"createHelper","line":11,"loc":{"start":{"line":11,"column":19},"end":{"line":11,"column":59}}},"3":{"name":"(anonymous_3)","line":17,"loc":{"start":{"line":17,"column":13},"end":{"line":17,"column":38}}},"4":{"name":"(anonymous_4)","line":24,"loc":{"start":{"line":24,"column":11},"end":{"line":24,"column":23}}},"5":{"name":"(anonymous_5)","line":29,"loc":{"start":{"line":29,"column":13},"end":{"line":29,"column":38}}}},"statementMap":{"1":{"start":{"line":3,"column":0},"end":{"line":3,"column":26}},"2":{"start":{"line":5,"column":0},"end":{"line":5,"column":52}},"3":{"start":{"line":7,"column":0},"end":{"line":7,"column":65}},"4":{"start":{"line":9,"column":0},"end":{"line":9,"column":95}},"5":{"start":{"line":9,"column":39},"end":{"line":9,"column":93}},"6":{"start":{"line":11,"column":0},"end":{"line":38,"column":2}},"7":{"start":{"line":12,"column":2},"end":{"line":12,"column":96}},"8":{"start":{"line":13,"column":2},"end":{"line":13,"column":89}},"9":{"start":{"line":15,"column":2},"end":{"line":35,"column":3}},"10":{"start":{"line":16,"column":4},"end":{"line":22,"column":5}},"11":{"start":{"line":17,"column":6},"end":{"line":21,"column":8}},"12":{"start":{"line":18,"column":8},"end":{"line":18,"column":44}},"13":{"start":{"line":19,"column":8},"end":{"line":19,"column":90}},"14":{"start":{"line":20,"column":8},"end":{"line":20,"column":25}},"15":{"start":{"line":24,"column":4},"end":{"line":34,"column":6}},"16":{"start":{"line":25,"column":6},"end":{"line":27,"column":7}},"17":{"start":{"line":26,"column":8},"end":{"line":26,"column":37}},"18":{"start":{"line":29,"column":6},"end":{"line":33,"column":8}},"19":{"start":{"line":30,"column":8},"end":{"line":30,"column":67}},"20":{"start":{"line":31,"column":8},"end":{"line":31,"column":90}},"21":{"start":{"line":32,"column":8},"end":{"line":32,"column":25}},"22":{"start":{"line":37,"column":2},"end":{"line":37,"column":14}},"23":{"start":{"line":40,"column":0},"end":{"line":40,"column":31}}},"branchMap":{"1":{"line":9,"type":"cond-expr","locations":[{"start":{"line":9,"column":70},"end":{"line":9,"column":73}},{"start":{"line":9,"column":76},"end":{"line":9,"column":92}}]},"2":{"line":9,"type":"binary-expr","locations":[{"start":{"line":9,"column":46},"end":{"line":9,"column":49}},{"start":{"line":9,"column":53},"end":{"line":9,"column":67}}]},"3":{"line":12,"type":"cond-expr","locations":[{"start":{"line":12,"column":76},"end":{"line":12,"column":88}},{"start":{"line":12,"column":91},"end":{"line":12,"column":95}}]},"4":{"line":12,"type":"binary-expr","locations":[{"start":{"line":12,"column":23},"end":{"line":12,"column":43}},{"start":{"line":12,"column":47},"end":{"line":12,"column":73}}]},"5":{"line":13,"type":"cond-expr","locations":[{"start":{"line":13,"column":68},"end":{"line":13,"column":80}},{"start":{"line":13,"column":83},"end":{"line":13,"column":88}}]},"6":{"line":13,"type":"binary-expr","locations":[{"start":{"line":13,"column":15},"end":{"line":13,"column":35}},{"start":{"line":13,"column":39},"end":{"line":13,"column":65}}]},"7":{"line":15,"type":"if","locations":[{"start":{"line":15,"column":2},"end":{"line":15,"column":2}},{"start":{"line":15,"column":2},"end":{"line":15,"column":2}}]},"8":{"line":15,"type":"binary-expr","locations":[{"start":{"line":15,"column":6},"end":{"line":15,"column":43}},{"start":{"line":15,"column":47},"end":{"line":15,"column":61}}]},"9":{"line":16,"type":"if","locations":[{"start":{"line":16,"column":4},"end":{"line":16,"column":4}},{"start":{"line":16,"column":4},"end":{"line":16,"column":4}}]}},"code":["'use strict';","","exports.__esModule = true;","","var _wrapDisplayName = require('./wrapDisplayName');","","var _wrapDisplayName2 = _interopRequireDefault(_wrapDisplayName);","","function _interopRequireDefault(obj) { return obj && obj.__esModule ? obj : { default: obj }; }","","var createHelper = function createHelper(func, helperName) {","  var setDisplayName = arguments.length > 2 && arguments[2] !== undefined ? arguments[2] : true;","  var noArgs = arguments.length > 3 && arguments[3] !== undefined ? arguments[3] : false;","","  if (process.env.NODE_ENV !== 'production' && setDisplayName) {","    if (noArgs) {","      return function (BaseComponent) {","        var Component = func(BaseComponent);","        Component.displayName = (0, _wrapDisplayName2.default)(BaseComponent, helperName);","        return Component;","      };","    }","","    return function () {","      for (var _len = arguments.length, args = Array(_len), _key = 0; _key < _len; _key++) {","        args[_key] = arguments[_key];","      }","","      return function (BaseComponent) {","        var Component = func.apply(undefined, args)(BaseComponent);","        Component.displayName = (0, _wrapDisplayName2.default)(BaseComponent, helperName);","        return Component;","      };","    };","  }","","  return func;","};","","exports.default = createHelper;"],"l":{"3":1,"5":1,"7":1,"9":1,"11":1,"12":24,"13":24,"15":24,"16":19,"17":2,"18":0,"19":0,"20":0,"24":17,"25":1,"26":1,"29":1,"30":0,"31":0,"32":0,"37":5,"40":1}},"/home/travis/build/npmtest/node-npmtest-recompose/node_modules/recompose/wrapDisplayName.js":{"path":"/home/travis/build/npmtest/node-npmtest-recompose/node_modules/recompose/wrapDisplayName.js","s":{"1":1,"2":1,"3":1,"4":1,"5":1,"6":1,"7":0,"8":1},"b":{"1":[1,0],"2":[1,1]},"f":{"1":1,"2":0},"fnMap":{"1":{"name":"_interopRequireDefault","line":9,"loc":{"start":{"line":9,"column":0},"end":{"line":9,"column":37}}},"2":{"name":"wrapDisplayName","line":11,"loc":{"start":{"line":11,"column":22},"end":{"line":11,"column":71}}}},"statementMap":{"1":{"start":{"line":3,"column":0},"end":{"line":3,"column":26}},"2":{"start":{"line":5,"column":0},"end":{"line":5,"column":50}},"3":{"start":{"line":7,"column":0},"end":{"line":7,"column":63}},"4":{"start":{"line":9,"column":0},"end":{"line":9,"column":95}},"5":{"start":{"line":9,"column":39},"end":{"line":9,"column":93}},"6":{"start":{"line":11,"column":0},"end":{"line":13,"column":2}},"7":{"start":{"line":12,"column":2},"end":{"line":12,"column":76}},"8":{"start":{"line":15,"column":0},"end":{"line":15,"column":34}}},"branchMap":{"1":{"line":9,"type":"cond-expr","locations":[{"start":{"line":9,"column":70},"end":{"line":9,"column":73}},{"start":{"line":9,"column":76},"end":{"line":9,"column":92}}]},"2":{"line":9,"type":"binary-expr","locations":[{"start":{"line":9,"column":46},"end":{"line":9,"column":49}},{"start":{"line":9,"column":53},"end":{"line":9,"column":67}}]}},"code":["'use strict';","","exports.__esModule = true;","","var _getDisplayName = require('./getDisplayName');","","var _getDisplayName2 = _interopRequireDefault(_getDisplayName);","","function _interopRequireDefault(obj) { return obj && obj.__esModule ? obj : { default: obj }; }","","var wrapDisplayName = function wrapDisplayName(BaseComponent, hocName) {","  return hocName + '(' + (0, _getDisplayName2.default)(BaseComponent) + ')';","};","","exports.default = wrapDisplayName;"],"l":{"3":1,"5":1,"7":1,"9":1,"11":1,"12":0,"15":1}},"/home/travis/build/npmtest/node-npmtest-recompose/node_modules/recompose/getDisplayName.js":{"path":"/home/travis/build/npmtest/node-npmtest-recompose/node_modules/recompose/getDisplayName.js","s":{"1":1,"2":1,"3":0,"4":0,"5":0,"6":0,"7":0,"8":1},"b":{"1":[0,0],"2":[0,0],"3":[0,0,0]},"f":{"1":0},"fnMap":{"1":{"name":"getDisplayName","line":4,"loc":{"start":{"line":4,"column":21},"end":{"line":4,"column":56}}}},"statementMap":{"1":{"start":{"line":3,"column":0},"end":{"line":3,"column":26}},"2":{"start":{"line":4,"column":0},"end":{"line":14,"column":2}},"3":{"start":{"line":5,"column":2},"end":{"line
[...]
1":{"name":"(anonymous_11)","line":53,"loc":{"start":{"line":53,"column":42},"end":{"line":53,"column":54}}}},"statementMap":{"1":{"start":{"line":3,"column":0},"end":{"line":3,"column":26}},"2":{"start":{"line":5,"column":0},"end":{"line":5,"column":53}},"3":{"start":{"line":7,"column":0},"end":{"line":7,"column":67}},"4":{"start":{"line":9,"column":0},"end":{"line":9,"column":28}},"5":{"start":{"line":11,"column":0},"end":{"line":11,"column":43}},"6":{"start":{"line":13,"column":0},"end":{"line":13,"column":95}},"7":{"start":{"line":13,"column":39},"end":{"line":13,"column":93}},"8":{"start":{"line":15,"column":0},"end":{"line":15,"column":30}},"9":{"start":{"line":17,"column":0},"end":{"line":57,"column":2}},"10":{"start":{"line":19,"column":4},"end":{"line":19,"column":41}},"11":{"start":{"line":21,"column":4},"end":{"line":32,"column":56}},"12":{"start":{"line":23,"column":8},"end":{"line":23,"column":29}},"13":{"start":{"line":26,"column":8},"end":{"line":26,"column":41}},"14":{"start":{"line":29,"column":8},"end":{"line":29,"column":32}},"15":{"start":{"line":34,"column":4},"end":{"line":34,"column":47}},"16":{"start":{"line":35,"column":4},"end":{"line":35,"column":18}},"17":{"start":{"line":39,"column":4},"end":{"line":39,"column":13}},"18":{"start":{"line":41,"column":4},"end":{"line":55,"column":12}},"19":{"start":{"line":43,"column":8},"end":{"line":43,"column":67}},"20":{"start":{"line":44,"column":8},"end":{"line":46,"column":20}},"21":{"start":{"line":45,"column":10},"end":{"line":45,"column":37}},"22":{"start":{"line":47,"column":8},"end":{"line":51,"column":10}},"23":{"start":{"line":49,"column":12},"end":{"line":49,"column":33}},"24":{"start":{"line":54,"column":6},"end":{"line":54,"column":18}},"25":{"start":{"line":59,"column":0},"end":{"line":59,"column":25}}},"branchMap":{"1":{"line":13,"type":"cond-expr","locations":[{"start":{"line":13,"column":70},"end":{"line":13,"column":73}},{"start":{"line":13,"column":76},"end":{"line":13,"column":92}}]},"2":{"line":13,"type":"binary-expr","locations":[{"start":{"line":13,"column":46},"end":{"line":13,"column":49}},{"start":{"line":13,"column":53},"end":{"line":13,"column":67}}]},"3":{"line":43,"type":"binary-expr","locations":[{"start":{"line":43,"column":36},"end":{"line":43,"column":49}},{"start":{"line":43,"column":53},"end":{"line":43,"column":57}}]}},"code":["'use strict';","","exports.__esModule = true;","","var _symbolObservable = require('symbol-observable');","","var _symbolObservable2 = _interopRequireDefault(_symbolObservable);","","var _flyd = require('flyd');","","var _flyd2 = _interopRequireDefault(_flyd);","","function _interopRequireDefault(obj) { return obj && obj.__esModule ? obj : { default: obj }; }","","var noop = function noop() {};","","var config = {","  fromESObservable: function fromESObservable(observable) {","    var stream = _flyd2.default.stream();","","    var _observable$subscribe = observable.subscribe({","      next: function next(value) {","        return stream(value);","      },","      error: function error(_error) {","        return stream({ error: _error });","      },","      complete: function complete() {","        return stream.end(true);","      }","    }),","        unsubscribe = _observable$subscribe.unsubscribe;","","    _flyd2.default.on(unsubscribe, stream.end);","    return stream;","  },","","  toESObservable: function toESObservable(stream) {","    var _ref;","","    return _ref = {","      subscribe: function subscribe(observer) {","        var sub = _flyd2.default.on(observer.next || noop, stream);","        _flyd2.default.on(function (_) {","          return observer.complete();","        }, sub.end);","        return {","          unsubscribe: function unsubscribe() {","            return sub.end(true);","          }","        };","      }","    }, _ref[_symbolObservable2.default] = function () {","      return this;","    }, _ref;","  }","};","","exports.default = config;"],"l":{"3":2,"5":2,"7":2,"9":2,"11":0,"13":2,"15":0,"17":0,"19":0,"21":0,"23":0,"26":0,"29":0,"34":0,"35":0,"39":0,"41":0,"43":0,"44":0,"45":0,"47":0,"49":0,"54":0,"59":0}},"/home/travis/build/npmtest/node-npmtest-recompose/node_modules/recompose/kefirObservableConfig.js":{"path":"/home/travis/build/npmtest/node-npmtest-recompose/node_modules/recompose/kefirObservableConfig.js","s":{"1":2,"2":2,"3":0,"4":1,"5":0,"6":0,"7":0,"8":0},"b":{"1":[0,0],"2":[0,0]},"f":{"1":0,"2":0},"fnMap":{"1":{"name":"_interopRequireDefault","line":9,"loc":{"start":{"line":9,"column":0},"end":{"line":9,"column":37}}},"2":{"name":"toESObservable","line":13,"loc":{"start":{"line":13,"column":18},"end":{"line":13,"column":50}}}},"statementMap":{"1":{"start":{"line":3,"column":0},"end":{"line":3,"column":26}},"2":{"start":{"line":5,"column":0},"end":{"line":5,"column":30}},"3":{"start":{"line":7,"column":0},"end":{"line":7,"column":45}},"4":{"start":{"line":9,"column":0},"end":{"line":9,"column":95}},"5":{"start":{"line":9,"column":39},"end":{"line":9,"column":93}},"6":{"start":{"line":11,"column":0},"end":{"line":16,"column":2}},"7":{"start":{"line":14,"column":4},"end":{"line":14,"column":35}},"8":{"start":{"line":18,"column":0},"end":{"line":18,"column":25}}},"branchMap":{"1":{"line":9,"type":"cond-expr","locations":[{"start":{"line":9,"column":70},"end":{"line":9,"column":73}},{"start":{"line":9,"column":76},"end":{"line":9,"column":92}}]},"2":{"line":9,"type":"binary-expr","locations":[{"start":{"line":9,"column":46},"end":{"line":9,"column":49}},{"start":{"line":9,"column":53},"end":{"line":9,"column":67}}]}},"code":["'use strict';","","exports.__esModule = true;","","var _kefir = require('kefir');","","var _kefir2 = _interopRequireDefault(_kefir);","","function _interopRequireDefault(obj) { return obj && obj.__esModule ? obj : { default: obj }; }","","var config = {","  fromESObservable: _kefir2.default.fromESObservable,","  toESObservable: function toESObservable(stream) {","    return stream.toESObservable();","  }","};","","exports.default = config;"],"l":{"3":2,"5":2,"7":0,"9":1,"11":0,"14":0,"18":0}},"/home/travis/build/npmtest/node-npmtest-recompose/node_modules/recompose/mostObservableConfig.js":{"path":"/home/travis/build/npmtest/node-npmtest-recompose/node_modules/recompose/mostObservableConfig.js","s":{"1":2,"2":2,"3":0,"4":0},"b":{"1":[0,0]},"f":{},"fnMap":{},"statementMap":{"1":{"start":{"line":3,"column":0},"end":{"line":3,"column":26}},"2":{"start":{"line":5,"column":0},"end":{"line":5,"column":28}},"3":{"start":{"line":7,"column":0},"end":{"line":9,"column":2}},"4":{"start":{"line":11,"column":0},"end":{"line":11,"column":25}}},"branchMap":{"1":{"line":8,"type":"binary-expr","locations":[{"start":{"line":8,"column":20},"end":{"line":8,"column":30}},{"start":{"line":8,"column":34},"end":{"line":8,"column":51}}]}},"code":["'use strict';","","exports.__esModule = true;","","var _most = require('most');","","var config = {","  fromESObservable: _most.from || _most.Stream.from","};","","exports.default = config;"],"l":{"3":2,"5":2,"7":0,"11":0}},"/home/travis/build/npmtest/node-npmtest-recompose/node_modules/recompose/rxjs4ObservableConfig.js":{"path":"/home/travis/build/npmtest/node-npmtest-recompose/node_modules/recompose/rxjs4ObservableConfig.js","s":{"1":2,"2":2,"3":2,"4":2,"5":0,"6":1,"7":2,"8":0,"9":0,"10":0,"11":0,"12":0,"13":0,"14":0,"15":0,"16":0,"17":0,"18":0,"19":0,"20":0,"21":0,"22":0,"23":0,"24":0},"b":{"1":[2,0],"2":[2,2]},"f":{"1":2,"2":0,"3":0,"4":0,"5":0,"6":0,"7":0,"8":0,"9":0,"10":0,"11":0,"12":0,"13":0},"fnMap":{"1":{"name":"_interopRequireDefault","line":13,"loc":{"start":{"line":13,"column":0},"end":{"line":13,"column":37}}},"2":{"name":"fromESObservable","line":16,"loc":{"start":{"line":16,"column":20},"end":{"line":16,"column":58}}},"3":{"name":"(anonymous_3)","line":17,"loc":{"start":{"line":17,"column":42},"end":{"line":17,"column":62}}},"4":{"name":"next","line":19,"loc":{"start":{"line":19,"column":14},"end":{"line":19,"column":33}}},"5":{"name":"error","line":22,"loc":{"start":{"line":22,"column":15},"end":{"line":22,"column":38}}},"6":{"name":"complete","line":25,"loc":{"start":{"line":25,"column":18},"end":{"line":25,"column":38}}},"7":{"name":"toESObservable","line":34,"loc":{"start":{"line":34,"column":18},"end":{"line":34,"column":56}}},"8":{"name":"subscribe","line":38,"loc":{"start":{"line":38,"column":17},"end":{"line":38,"column":46}}},"9":{"name":"(anonymous_9)","line":39,"loc":{"start":{"line":39,"column":50},"end":{"line":39,"column":65}}},"10":{"name":"(anonymous_10)","line":41,"loc":{"start":{"line":41,"column":11},"end":{"line":41,"column":28}}},"11":{"name":"(anonymous_11)","line":43,"loc":{"start":{"line":43,"column":11},"end":{"line":43,"column":23}}},"12":{"name":"unsubscribe","line":46,"loc":{"start":{"line":46,"column":30},"end":{"line":46,"column":53}}},"13":{"name":"(anonymous_13)","line":50,"loc":{"start":{"line":50,"column":42},"end":{"line":50,"column":54}}}},"statementMap":{"1":{"start":{"line":3,"column":0},"end":{"line":3,"column":26}},"2":{"start":{"line":5,"column":0},"end":{"line":5,"column":53}},"3":{"start":{"line":7,"column":0},"end":{"line":7,"column":67}},"4":{"start":{"line":9,"column":0},"end":{"line":9,"column":24}},"5":{"start":{"line":11,"column":0},"end":{"line":11,"column":39}},"6":{"start":{"line":13,"column":0},"end":{"line":13,"column":95}},"7":{"start":{"line":13,"column":39},"end":{"line":13,"column":93}},"8":{"start":{"line":15,"column":0},"end":{"line":54,"column":2}},"9":{"start":{"line":17,"column":4},"end":{"line":32,"column":7}},"10":{"start":{"line":18,"column":6},"end":{"line":29,"column":58}},"11":{"start":{"line":20,"column":10},"end":{"line":20,"column":38}},"12":{"start":{"line":23,"column":10},"end":{"line":23,"column":42}},"13":{"start":{"line":26,"column":10},"end":{"line":26,"column":40}},"14":{"start":{"line":31,"column":6},"end":{"line":31,"column":25}},"15":{"start":{"line":35,"column":4},"end":{"line":35,"column":13}},"16":{"start":{"line":37,"column":4},"end":{"line":52,"column":12}},"17":{"start":{"line":39,"column":8},"end":{"line":45,"column":11}},"18":{"start":{"line":40,"column":10},"end":{"line":40,"column":36}},"19":{"start":{"line":42,"column":10},"end":{"line":42,"column":39}},"20":{"start":{"line":44,"column":10},"end":{"line":44,"column":37}},"21":{"start":{"line":46,"column":8},"end":{"line":48,"column":14}},"22":{"start":{"line":47,"column":12},"end":{"line":47,"column":42}},"23":{"start":{"line":51,"column":6},"end":{"line":51,"column":18}},"24":{"start":{"line":56,"column":0},"end":{"line":56,"column":25}}},"branchMap":{"1":{"line":13,"type":"cond-expr","locations":[{"start":{"line":13,"column":70},"end":{"line":13,"column":73}},{"start":{"line":13,"column":76},"end":{"line":13,"column":92}}]},"2":{"line":13,"type":"binary-expr","locations":[{"start":{"line":13,"column":46},"end":{"line":13,"column":49}},{"start":{"line":13,"column":53},"end":{"line":13,"column":67}}]}},"code":["'use strict';","","exports.__esModule = true;","","var _symbolObservable = require('symbol-observable');","","var _symbolObservable2 = _interopRequireDefault(_symbolObservable);","","var _rx = require('rx');","","var _rx2 = _interopRequireDefault(_rx);","","function _interopRequireDefault(obj) { return obj && obj.__esModule ? obj : { default: obj }; }","","var config = {","  fromESObservable: function fromESObservable(observable) {","    return _rx2.default.Observable.create(function (observer) {","      var _observable$subscribe = observable.subscribe({","        next: function next(val) {","          return observer.onNext(val);","        },","        error: function error(_error) {","          return observer.onError(_error);","        },","        complete: function complete() {","          return observer.onCompleted();","        }","      }),","          unsubscribe = _observable$subscribe.unsubscribe;","","      return unsubscribe;","    });","  },","  toESObservable: function toESObservable(rxObservable) {","    var _ref;","","    return _ref = {","      subscribe: function subscribe(observer) {","        var subscription = rxObservable.subscribe(function (val) {","          return observer.next(val);","        }, function (error) {","          return observer.error(error);","        }, function () {","          return observer.complete();","        });","        return { unsubscribe: function unsubscribe() {","            return subscription.dispose();","          } };","      }","    }, _ref[_symbolObservable2.default] = function () {","      return this;","    }, _ref;","  }","};","","exports.default = config;"],"l":{"3":2,"5":2,"7":2,"9":2,"11":0,"13":2,"15":0,"17":0,"18":0,"20":0,"23":0,"26":0,"31":0,"35":0,"37":0,"39":0,"40":0,"42":0,"44":0,"46":0,"47":0,"51":0,"56":0}},"/home/travis/build/npmtest/node-npmtest-recompose/node_modules/recompose/rxjsObservableConfig.js":{"path":"/home/travis/build/npmtest/node-npmtest-recompose/node_modules/recompose/rxjsObservableConfig.js","s":{"1":2,"2":2,"3":0,"4":1,"5":0,"6":0,"7":0,"8":0},"b":{"1":[0,0],"2":[0,0]},"f":{"1":0,"2":0},"fnMap":{"1":{"name":"_interopRequireDefault","line":9,"loc":{"start":{"line":9,"column":0},"end":{"line":9,"column":37}}},"2":{"name":"toESObservable","line":13,"loc":{"start":{"line":13,"column":18},"end":{"line":13,"column":50}}}},"statementMap":{"1":{"start":{"line":3,"column":0},"end":{"line":3,"column":26}},"2":{"start":{"line":5,"column":0},"end":{"line":5,"column":28}},"3":{"start":{"line":7,"column":0},"end":{"line":7,"column":43}},"4":{"start":{"line":9,"column":0},"end":{"line":9,"column":95}},"5":{"start":{"line":9,"column":39},"end":{"line":9,"column":93}},"6":{"start":{"line":11,"column":0},"end":{"line":16,"column":2}},"7":{"start":{"line":14,"column":4},"end":{"line":14,"column":18}},"8":{"start":{"line":18,"column":0},"end":{"line":18,"column":25}}},"branchMap":{"1":{"line":9,"type":"cond-expr","locations":[{"start":{"line":9,"column":70},"end":{"line":9,"column":73}},{"start":{"line":9,"column":76},"end":{"line":9,"column":92}}]},"2":{"line":9,"type":"binary-expr","locations":[{"start":{"line":9,"column":46},"end":{"line":9,"column":49}},{"start":{"line":9,"column":53},"end":{"line":9,"column":67}}]}},"code":["'use strict';","","exports.__esModule = true;","","var _rxjs = require('rxjs');","","var _rxjs2 = _interopRequireDefault(_rxjs);","","function _interopRequireDefault(obj) { return obj && obj.__esModule ? obj : { default: obj }; }","","var config = {","  fromESObservable: _rxjs2.default.Observable.from,","  toESObservable: function toESObservable(stream) {","    return stream;","  }","};","","exports.default = config;"],"l":{"3":2,"5":2,"7":0,"9":1,"11":0,"14":0,"18":0}},"/home/travis/build/npmtest/node-npmtest-recompose/node_modules/recompose/xstreamObservableConfig.js":{"path":"/home/travis/build/npmtest/node-npmtest-recompose/node_modules/recompose/xstreamObservableConfig.js","s":{"1":2,"2":2,"3":2,"4":2,"5":0,"6":1,"7":2,"8":0,"9":0,"10":0,"11":0,"12":0,"13":0,"14":0,"15":0,"16":0,"17":0,"18":0,"19":0,"20":0},"b":{"1":[2,0],"2":[2,2],"3":[0,0],"4":[0,0],"5":[0,0]},"f":{"1":2,"2":0,"3":0,"4":0,"5":0,"6":0,"7":0,"8":0,"9":0},"fnMap":{"1":{"name":"_interopRequireDefault","line":13,"loc":{"start":{"line":13,"column":0},"end":{"line":13,"column":37}}},"2":{"name":"noop","line":15,"loc":{"start":{"line":15,"column":11},"end":{"line":15,"column":27}}},"3":{"name":"fromESObservable","line":18,"loc":{"start":{"line":18,"column":20},"end":{"line":18,"column":58}}},"4":{"name":"start","line":21,"loc":{"start":{"line":21,"column":13},"end":{"line":21,"column":38}}},"5":{"name":"stop","line":24,"loc":{"start":{"line":24,"column":12},"end":{"line":24,"column":28}}},"6":{"name":"toESObservable","line":29,"loc":{"start":{"line":29,"column":18},"end":{"line":29,"column":50}}},"7":{"name":"subscribe","line":33,"loc":{"start":{"line":33,"column":17},"end":{"line":33,"column":46}}},"8":{"name":"unsubscribe","line":41,"loc":{"start":{"line":41,"column":23},"end":{"line":41,"column":46}}},"9":{"name":"(anonymous_9)","line":46,"loc":{"start":{"line":46,"column":42},"end":{"line":46,"column":54}}}},"statementMap":{"1":{"start":{"line":3,"column":0},"end":{"line":3,"column":26}},"2":{"start":{"line":5,"column":0},"end":{"line":5,"column":53}},"3":{"start":{"line":7,"column":0},"end":{"line":7,"column":67}},"4":{"start":{"line":9,"column":0},"end":{"line":9,"column":34}},"5":{"start":{"line":11,"column":0},"end":{"line":11,"column":49}},"6":{"start":{"line":13,"column":0},"end":{"line":13,"column":95}},"7":{"start":{"line":13,"column":39},"end":{"line":13,"column":93}},"8":{"start":{"line":15,"column":0},"end":{"line":15,"column":30}},"9":{"start":{"line":17,"column":0},"end":{"line":50,"column":2}},"10":{"start":{"line":19,"column":4},"end":{"line":27,"column":7}},"11":{"start":{"line":22,"column":8},"end":{"line":22,"column":59}},"12":{"start":{"line":25,"column":8},"end":{"line":25,"column":40}},"13":{"start":{"line":30,"column":4},"end":{"line":30,"column":13}},"14":{"start":{"line":32,"column":4},"end":{"line":48,"column":12}},"15":{"start":{"line":34,"column":8},"end":{"line":38,"column":10}},"16":{"start":{"line":39,"column":8},"end":{"line":39,"column":37}},"17":{"start":{"line":40,"column":8},"end":{"line":44,"column":10}},"18":{"start":{"line":42,"column":12},"end":{"line":42,"column":51}},"19":{"start":{"line":47,"column":6},"end":{"line":47,"column":18}},"20":{"start":{"line":52,"column":0},"end":{"line":52,"column":25}}},"branchMap":{"1":{"line":13,"type":"cond-expr","locations":[{"start":{"line":13,"column":70},"end":{"line":13,"column":73}},{"start":{"line":13,"column":76},"end":{"line":13,"column":92}}]},"2":{"line":13,"type":"binary-expr","locations":[{"start":{"line":13,"column":46},"end":{"line":13,"column":49}},{"start":{"line":13,"column":53},"end":{"line":13,"column":67}}]},"3":{"line":35,"type":"binary-expr","locations":[{"start":{"line":35,"column":16},"end":{"line":35,"column":29}},{"start":{"line":35,"column":33},"end":{"line":35,"column":37}}]},"4":{"line":36,"type":"binary-expr","locations":[{"start":{"line":36,"column":17},"end":{"line":36,"column":31}},{"start":{"line":36,"column":35},"end":{"line":36,"column":39}}]},"5":{"line":37,"type":"binary-expr","locations":[{"start":{"line":37,"column":20},"end":{"line":37,"column":37}},{"start":{"line":37,"column":41},"end":{"line":37,"column":45}}]}},"code":["'use strict';","","exports.__esModule = true;","","var _symbolObservable = require('symbol-observable');","","var _symbolObservable2 = _interopRequireDefault(_symbolObservable);","","var _xstream = require('xstream');","","var _xstream2 = _interopRequireDefault(_xstream);","","function _interopRequireDefault(obj) { return obj && obj.__esModule ? obj : { default: obj }; }","","var noop = function noop() {};","","var config = {","  fromESObservable: function fromESObservable(observable) {","    return _xstream2.default.create({","      subscription: null,","      start: function start(listener) {","        this.subscription = observable.subscribe(listener);","      },","      stop: function stop() {","        this.subscription.unsubscribe();","      }","    });","  },","  toESObservable: function toESObservable(stream) {","    var _ref;","","    return _ref = {","      subscribe: function subscribe(observer) {","        var listener = {","          next: observer.next || noop,","          error: observer.error || noop,","          complete: observer.complete || noop","        };","        stream.addListener(listener);","        return {","          unsubscribe: function unsubscribe() {","            return stream.removeListener(listener);","          }","        };","      }","    }, _ref[_symbolObservable2.default] = function () {","      return this;","    }, _ref;","  }","};","","exports.default = config;"],"l":{"3":2,"5":2,"7":2,"9":2,"11":0,"13":2,"15":0,"17":0,"19":0,"22":0,"25":0,"30":0,"32":0,"34":0,"39":0,"40":0,"42":0,"47":0,"52":0}}}